Total messages: 194 (Errors: 188, Warnings: 5)
Returning 188 messages for level "error"

[ERROR] Failed to load resource: the server responded with a status of 404 (Not Found) @ http://localhost:3000/api/mongodb/document/rema1000/testcollection/desktop.ini:0
[ERROR] Failed to load resource: the server responded with a status of 404 (Not Found) @ http://localhost:3000/api/mongodb/document/rema1000/products/desktop.ini:0
[ERROR] Failed to load resource: the server responded with a status of 404 (Not Found) @ http://localhost:3000/api/mongodb/document/rema1000/digital-products/desktop.ini:0
[ERROR] Failed to load resource: the server responded with a status of 404 (Not Found) @ http://localhost:3000/api/mongodb/document/rema1000/testcollection/desktop.ini:0
[ERROR] Failed to load resource: the server responded with a status of 404 (Not Found) @ http://localhost:3000/api/mongodb/document/rema1000/products/desktop.ini:0
[ERROR] Failed to load resource: the server responded with a status of 404 (Not Found) @ http://localhost:3000/api/mongodb/document/rema1000/digital-products/desktop.ini:0
[ERROR] Failed to load resource: the server responded with a status of 404 (Not Found) @ http://localhost:3000/api/mongodb/document/rema1000/products/desktop.ini:0
[ERROR] Failed to load resource: the server responded with a status of 404 (Not Found) @ http://localhost:3000/api/mongodb/document/rema1000/products/desktop.ini:0
[ERROR] Failed to load resource: the server responded with a status of 404 (Not Found) @ http://localhost:3000/api/mongodb/document/rema1000/products/desktop.ini:0
[ERROR] Failed to load resource: the server responded with a status of 404 (Not Found) @ http://localhost:3000/api/mongodb/document/rema1000/products/desktop.ini:0
[ERROR] Failed to load resource: the server responded with a status of 404 (Not Found) @ http://localhost:3000/api/mongodb/document/rema1000/products/BARS%20CHOKO.:0
[ERROR] Failed to load resource: the server responded with a status of 404 (Not Found) @ http://localhost:3000/api/mongodb/document/rema1000/products/NUDLER%20M:0
[ERROR] Failed to load resource: the server responded with a status of 404 (Not Found) @ http://localhost:3000/api/mongodb/document/rema1000/products/P%C3%86RE:0
[ERROR] Failed to load resource: the server responded with a status of 404 (Not Found) @ http://localhost:3000/api/mongodb/document/rema1000/products/KATTEMAD%20M:0
[ERROR] Failed to load resource: the server responded with a status of 404 (Not Found) @ http://localhost:3000/api/mongodb/document/rema1000/products/COLESLAW%20M:0
[ERROR] Failed to load resource: the server responded with a status of 404 (Not Found) @ http://localhost:3000/api/mongodb/document/rema1000/products/FOCACCIA%20M:0
[ERROR] Failed to load resource: the server responded with a status of 404 (Not Found) @ http://localhost:3000/api/mongodb/document/rema1000/products/SALT%20M:0
[ERROR] Failed to load resource: the server responded with a status of 404 (Not Found) @ http://localhost:3000/api/mongodb/document/rema1000/products/INGEF%C3%86R:0
[ERROR] Failed to load resource: the server responded with a status of 404 (Not Found) @ http://localhost:3000/api/mongodb/document/rema1000/products/KYLLINGEBRYST%20M:0
[ERROR] Failed to load resource: the server responded with a status of 404 (Not Found) @ http://localhost:3000/api/mongodb/document/rema1000/products/RISOTTO%20M:0
[ERROR] Failed to load resource: the server responded with a status of 404 (Not Found) @ http://localhost:3000/api/mongodb/document/rema1000/products/GUL:0
[ERROR] Failed to load resource: the server responded with a status of 404 (Not Found) @ http://localhost:3000/api/mongodb/document/rema1000/products/SKYR%20MANGO:0
[ERROR] Failed to load resource: the server responded with a status of 404 (Not Found) @ http://localhost:3000/api/mongodb/document/rema1000/products/FERSKEN:0
[ERROR] Failed to load resource: the server responded with a status of 404 (Not Found) @ http://localhost:3000/api/mongodb/document/rema1000/products/KAKAOKIKS%20M:0
[ERROR] Failed to load resource: the server responded with a status of 404 (Not Found) @ http://localhost:3000/api/mongodb/document/rema1000/products/AGURKESALAT%20U:0
[ERROR] Failed to load resource: the server responded with a status of 404 (Not Found) @ http://localhost:3000/api/mongodb/document/rema1000/products/KATTESTICKS%20M:0
[ERROR] Failed to load resource: the server responded with a status of 404 (Not Found) @ http://localhost:3000/api/mongodb/document/rema1000/products/KYLLING%20M:0
[ERROR] Failed to load resource: the server responded with a status of 404 (Not Found) @ http://localhost:3000/api/mongodb/document/rema1000/products/RABARBER:0
[ERROR] Failed to load resource: the server responded with a status of 404 (Not Found) @ http://localhost:3000/api/mongodb/document/rema1000/products/PASTARET%20M:0
[ERROR] Failed to load resource: the server responded with a status of 404 (Not Found) @ http://localhost:3000/api/mongodb/document/rema1000/products/HAKKEB%C3%98FFER%20M:0
[ERROR] Failed to load resource: the server responded with a status of 404 (Not Found) @ http://localhost:3000/api/mongodb/document/rema1000/products/GRYDERET%20M:0
[ERROR] Failed to load resource: the server responded with a status of 404 (Not Found) @ http://localhost:3000/api/mongodb/document/rema1000/products/KALVESTICKS%20MED%20BACON:0
[ERROR] Failed to load resource: the server responded with a status of 404 (Not Found) @ http://localhost:3000/api/mongodb/document/rema1000/products/SKY%20M:0
[ERROR] Failed to load resource: the server responded with a status of 404 (Not Found) @ http://localhost:3000/api/mongodb/document/rema1000/products/SALAMI%20M:0
[ERROR] Failed to load resource: the server responded with a status of 404 (Not Found) @ http://localhost:3000/api/mongodb/document/rema1000/products/CHORIZO%20M:0
[ERROR] Failed to load resource: the server responded with a status of 404 (Not Found) @ http://localhost:3000/api/mongodb/document/rema1000/products/ISVAFFEL%20M:0
[ERROR] Failed to load resource: the server responded with a status of 404 (Not Found) @ http://localhost:3000/api/mongodb/document/rema1000/products/GRAVAD%20FILET%20M:0
[ERROR] Failed to load resource: the server responded with a status of 404 (Not Found) @ http://localhost:3000/api/mongodb/document/rema1000/products/SM%C3%98REOST%208:0
[ERROR] Failed to load resource: the server responded with a status of 404 (Not Found) @ http://localhost:3000/api/mongodb/document/rema1000/products/MAJSSNACKS%20M:0
[ERROR] Failed to load resource: the server responded with a status of 404 (Not Found) @ http://localhost:3000/api/mongodb/document/rema1000/products/PEANUTS%20M:0
[ERROR] Failed to load resource: the server responded with a status of 404 (Not Found) @ http://localhost:3000/api/mongodb/document/rema1000/products/MANDLER%20M:0
[ERROR] Failed to load resource: the server responded with a status of 404 (Not Found) @ http://localhost:3000/api/mongodb/document/rema1000/products/CHEDDAR:0
[ERROR] Failed to load resource: the server responded with a status of 404 (Not Found) @ http://localhost:3000/api/mongodb/document/rema1000/products/MAYO%20M:0
[ERROR] Failed to load resource: the server responded with a status of 404 (Not Found) @ http://localhost:3000/api/mongodb/document/rema1000/products/LAKS%20I%20CITRON:0
[ERROR] Failed to load resource: the server responded with a status of 404 (Not Found) @ http://localhost:3000/api/mongodb/document/rema1000/products/R%C3%98DK%C3%85L%20U:0
[ERROR] Failed to load resource: the server responded with a status of 404 (Not Found) @ http://localhost:3000/api/mongodb/document/rema1000/products/ASIER%20U:0
[ERROR] Failed to load resource: the server responded with a status of 404 (Not Found) @ http://localhost:3000/api/mongodb/document/rema1000/products/BORDSALT%20%20M:0
[ERROR] Failed to load resource: the server responded with a status of 404 (Not Found) @ http://localhost:3000/api/mongodb/document/rema1000/products/GRANOLA%20M:0
[ERROR] Failed to load resource: the server responded with a status of 404 (Not Found) @ http://localhost:3000/api/mongodb/document/rema1000/products/ABRIKOS:0
[ERROR] Failed to load resource: the server responded with a status of 404 (Not Found) @ http://localhost:3000/api/mongodb/document/rema1000/products/YMERDRYS%20M:0
[ERROR] Failed to load resource: the server responded with a status of 404 (Not Found) @ http://localhost:3000/api/mongodb/document/rema1000/products/BUCATINI:0
[ERROR] Failed to load resource: the server responded with a status of 404 (Not Found) @ http://localhost:3000/api/mongodb/document/rema1000/products/RIS:0
[ERROR] Failed to load resource: the server responded with a status of 404 (Not Found) @ http://localhost:3000/api/mongodb/document/rema1000/products/LASAGNETTE%20M:0
[ERROR] Failed to load resource: the server responded with a status of 404 (Not Found) @ http://localhost:3000/api/mongodb/document/rema1000/products/FR%C3%98ST%C3%86NGER%20T:0
[ERROR] Failed to load resource: the server responded with a status of 404 (Not Found) @ http://localhost:3000/api/mongodb/document/rema1000/products/TYGGEBEN%20M:0
[ERROR] Failed to load resource: the server responded with a status of 404 (Not Found) @ http://localhost:3000/api/mongodb/document/rema1000/products/SOJADRIK:0
[ERROR] Failed to load resource: the server responded with a status of 404 (Not Found) @ http://localhost:3000/api/mongodb/document/rema1000/products/HUNDEGODBID%20M:0
[ERROR] Failed to load resource: the server responded with a status of 404 (Not Found) @ http://localhost:3000/api/mongodb/document/rema1000/products/HUNDEMAD%20M:0
[ERROR] Failed to load resource: the server responded with a status of 404 (Not Found) @ http://localhost:3000/api/mongodb/document/rema1000/products/HUNDESTICKS%20M:0
[ERROR] Failed to load resource: the server responded with a status of 404 (Not Found) @ http://localhost:3000/api/mongodb/document/rema1000/products/KATTE%20SNACKS%20M:0
[ERROR] Failed to load resource: the server responded with a status of 404 (Not Found) @ http://localhost:3000/api/mongodb/document/rema1000/products/KATTEFODER%20M:0
[ERROR] Failed to load resource: the server responded with a status of 404 (Not Found) @ http://localhost:3000/api/mongodb/document/rema1000/products/HUNDEKIKS%20M:0
[ERROR] Failed to load resource: the server responded with a status of 404 (Not Found) @ http://localhost:3000/api/mongodb/document/rema1000/products/FRESH%20%26%20FINE%20M:0
[ERROR] Failed to load resource: the server responded with a status of 404 (Not Found) @ http://localhost:3000/api/mongodb/document/rema1000/products/SHAPE%20STR%C3%98MPEBUKS%20M:0
[ERROR] Failed to load resource: the server responded with a status of 404 (Not Found) @ http://localhost:3000/api/mongodb/document/rema1000/products/SHAPE%20STR%C3%98MPEBUKS%20S:0
[ERROR] Failed to load resource: the server responded with a status of 404 (Not Found) @ http://localhost:3000/api/mongodb/document/rema1000/products/HIPSTER%20STR.%20S:0
[ERROR] Failed to load resource: the server responded with a status of 404 (Not Found) @ http://localhost:3000/api/mongodb/document/rema1000/products/HIPSTER%20STR.%20L:0
[ERROR] Failed to load resource: the server responded with a status of 404 (Not Found) @ http://localhost:3000/api/mongodb/document/rema1000/products/REPREVE%20STR%C3%98MPEBUKS%20M:0
[ERROR] Failed to load resource: the server responded with a status of 404 (Not Found) @ http://localhost:3000/api/mongodb/document/rema1000/products/SEAMLESS%20TAI%20L:0
[ERROR] Failed to load resource: the server responded with a status of 404 (Not Found) @ http://localhost:3000/api/mongodb/document/rema1000/products/SEAMLESS%20TAI%20S:0
[ERROR] Failed to load resource: the server responded with a status of 404 (Not Found) @ http://localhost:3000/api/mongodb/document/rema1000/products/STR%C3%98MPEBUKS%20STR.%20S:0
[ERROR] Failed to load resource: the server responded with a status of 404 (Not Found) @ http://localhost:3000/api/mongodb/document/rema1000/products/T-SHIRT%20STR.%20L:0
[ERROR] Failed to load resource: the server responded with a status of 404 (Not Found) @ http://localhost:3000/api/mongodb/document/rema1000/products/T-SHIRT%20STR.%20S:0
[ERROR] Failed to load resource: the server responded with a status of 404 (Not Found) @ http://localhost:3000/api/mongodb/document/rema1000/products/TAI%20TRUSSE%20STR.%20L:0
[ERROR] Failed to load resource: the server responded with a status of 404 (Not Found) @ http://localhost:3000/api/mongodb/document/rema1000/products/TAI%20TRUSSE%20STR.%20S:0
[ERROR] Failed to load resource: the server responded with a status of 404 (Not Found) @ http://localhost:3000/api/mongodb/document/rema1000/products/PASTA%20M:0
[ERROR] Failed to load resource: the server responded with a status of 404 (Not Found) @ http://localhost:3000/api/mongodb/document/rema1000/products/LAMPEOLIE:0
[ERROR] Failed to load resource: the server responded with a status of 404 (Not Found) @ http://localhost:3000/api/mongodb/document/rema1000/products/STRAWBERRY:0
[ERROR] Failed to load resource: the server responded with a status of 404 (Not Found) @ http://localhost:3000/api/mongodb/document/rema1000/products/SALAT%20M:0
[ERROR] Failed to load resource: the server responded with a status of 404 (Not Found) @ http://localhost:3000/api/mongodb/document/rema1000/products/BARS%20CHOKO.:0
[ERROR] Failed to load resource: the server responded with a status of 404 (Not Found) @ http://localhost:3000/api/mongodb/document/rema1000/products/NUDLER%20M:0
[ERROR] Failed to load resource: the server responded with a status of 404 (Not Found) @ http://localhost:3000/api/mongodb/document/rema1000/products/P%C3%86RE:0
[ERROR] Failed to load resource: the server responded with a status of 404 (Not Found) @ http://localhost:3000/api/mongodb/document/rema1000/products/KATTEMAD%20M:0
[ERROR] Failed to load resource: the server responded with a status of 404 (Not Found) @ http://localhost:3000/api/mongodb/document/rema1000/products/COLESLAW%20M:0
[ERROR] Failed to load resource: the server responded with a status of 404 (Not Found) @ http://localhost:3000/api/mongodb/document/rema1000/products/FOCACCIA%20M:0
[ERROR] Failed to load resource: the server responded with a status of 404 (Not Found) @ http://localhost:3000/api/mongodb/document/rema1000/products/SALT%20M:0
[ERROR] Failed to load resource: the server responded with a status of 404 (Not Found) @ http://localhost:3000/api/mongodb/document/rema1000/products/INGEF%C3%86R:0
[ERROR] Failed to load resource: the server responded with a status of 404 (Not Found) @ http://localhost:3000/api/mongodb/document/rema1000/products/RISOTTO%20M:0
[ERROR] Failed to load resource: the server responded with a status of 404 (Not Found) @ http://localhost:3000/api/mongodb/document/rema1000/products/KYLLINGEBRYST%20M:0
[ERROR] Failed to load resource: the server responded with a status of 404 (Not Found) @ http://localhost:3000/api/mongodb/document/rema1000/products/GUL:0
[ERROR] Failed to load resource: the server responded with a status of 404 (Not Found) @ http://localhost:3000/api/mongodb/document/rema1000/products/SKYR%20MANGO:0
[ERROR] Failed to load resource: the server responded with a status of 404 (Not Found) @ http://localhost:3000/api/mongodb/document/rema1000/products/FERSKEN:0
[ERROR] Failed to load resource: the server responded with a status of 404 (Not Found) @ http://localhost:3000/api/mongodb/document/rema1000/products/KAKAOKIKS%20M:0
[ERROR] Failed to load resource: the server responded with a status of 404 (Not Found) @ http://localhost:3000/api/mongodb/document/rema1000/products/AGURKESALAT%20U:0
[ERROR] Failed to load resource: the server responded with a status of 404 (Not Found) @ http://localhost:3000/api/mongodb/document/rema1000/products/KYLLING%20M:0
[ERROR] Failed to load resource: the server responded with a status of 404 (Not Found) @ http://localhost:3000/api/mongodb/document/rema1000/products/KATTESTICKS%20M:0
[ERROR] Failed to load resource: the server responded with a status of 404 (Not Found) @ http://localhost:3000/api/mongodb/document/rema1000/products/RABARBER:0
[ERROR] Failed to load resource: the server responded with a status of 404 (Not Found) @ http://localhost:3000/api/mongodb/document/rema1000/products/PASTARET%20M:0
[ERROR] Failed to load resource: the server responded with a status of 404 (Not Found) @ http://localhost:3000/api/mongodb/document/rema1000/products/GRYDERET%20M:0
[ERROR] Failed to load resource: the server responded with a status of 404 (Not Found) @ http://localhost:3000/api/mongodb/document/rema1000/products/HAKKEB%C3%98FFER%20M:0
[ERROR] Failed to load resource: the server responded with a status of 404 (Not Found) @ http://localhost:3000/api/mongodb/document/rema1000/products/KALVESTICKS%20MED%20BACON:0
[ERROR] Failed to load resource: the server responded with a status of 404 (Not Found) @ http://localhost:3000/api/mongodb/document/rema1000/products/SKY%20M:0
[ERROR] Failed to load resource: the server responded with a status of 404 (Not Found) @ http://localhost:3000/api/mongodb/document/rema1000/products/CHORIZO%20M:0
[ERROR] Failed to load resource: the server responded with a status of 404 (Not Found) @ http://localhost:3000/api/mongodb/document/rema1000/products/SALAMI%20M:0
[ERROR] Failed to load resource: the server responded with a status of 404 (Not Found) @ http://localhost:3000/api/mongodb/document/rema1000/products/GRAVAD%20FILET%20M:0
[ERROR] Failed to load resource: the server responded with a status of 404 (Not Found) @ http://localhost:3000/api/mongodb/document/rema1000/products/ISVAFFEL%20M:0
[ERROR] Failed to load resource: the server responded with a status of 404 (Not Found) @ http://localhost:3000/api/mongodb/document/rema1000/products/SM%C3%98REOST%208:0
[ERROR] Failed to load resource: the server responded with a status of 404 (Not Found) @ http://localhost:3000/api/mongodb/document/rema1000/products/MAJSSNACKS%20M:0
[ERROR] Failed to load resource: the server responded with a status of 404 (Not Found) @ http://localhost:3000/api/mongodb/document/rema1000/products/PEANUTS%20M:0
[ERROR] Failed to load resource: the server responded with a status of 404 (Not Found) @ http://localhost:3000/api/mongodb/document/rema1000/products/MANDLER%20M:0
[ERROR] Failed to load resource: the server responded with a status of 404 (Not Found) @ http://localhost:3000/api/mongodb/document/rema1000/products/CHEDDAR:0
[ERROR] Failed to load resource: the server responded with a status of 404 (Not Found) @ http://localhost:3000/api/mongodb/document/rema1000/products/LAKS%20I%20CITRON:0
[ERROR] Failed to load resource: the server responded with a status of 404 (Not Found) @ http://localhost:3000/api/mongodb/document/rema1000/products/R%C3%98DK%C3%85L%20U:0
[ERROR] Failed to load resource: the server responded with a status of 404 (Not Found) @ http://localhost:3000/api/mongodb/document/rema1000/products/MAYO%20M:0
[ERROR] Failed to load resource: the server responded with a status of 404 (Not Found) @ http://localhost:3000/api/mongodb/document/rema1000/products/BORDSALT%20%20M:0
[ERROR] Failed to load resource: the server responded with a status of 404 (Not Found) @ http://localhost:3000/api/mongodb/document/rema1000/products/ASIER%20U:0
[ERROR] Failed to load resource: the server responded with a status of 404 (Not Found) @ http://localhost:3000/api/mongodb/document/rema1000/products/GRANOLA%20M:0
[ERROR] Failed to load resource: the server responded with a status of 404 (Not Found) @ http://localhost:3000/api/mongodb/document/rema1000/products/LASAGNETTE%20M:0
[ERROR] Failed to load resource: the server responded with a status of 404 (Not Found) @ http://localhost:3000/api/mongodb/document/rema1000/products/RIS:0
[ERROR] Failed to load resource: the server responded with a status of 404 (Not Found) @ http://localhost:3000/api/mongodb/document/rema1000/products/ABRIKOS:0
[ERROR] Failed to load resource: the server responded with a status of 404 (Not Found) @ http://localhost:3000/api/mongodb/document/rema1000/products/BUCATINI:0
[ERROR] Failed to load resource: the server responded with a status of 404 (Not Found) @ http://localhost:3000/api/mongodb/document/rema1000/products/YMERDRYS%20M:0
[ERROR] Failed to load resource: the server responded with a status of 404 (Not Found) @ http://localhost:3000/api/mongodb/document/rema1000/products/HUNDEMAD%20M:0
[ERROR] Failed to load resource: the server responded with a status of 404 (Not Found) @ http://localhost:3000/api/mongodb/document/rema1000/products/TYGGEBEN%20M:0
[ERROR] Failed to load resource: the server responded with a status of 404 (Not Found) @ http://localhost:3000/api/mongodb/document/rema1000/products/FR%C3%98ST%C3%86NGER%20T:0
[ERROR] Failed to load resource: the server responded with a status of 404 (Not Found) @ http://localhost:3000/api/mongodb/document/rema1000/products/HUNDESTICKS%20M:0
[ERROR] Failed to load resource: the server responded with a status of 404 (Not Found) @ http://localhost:3000/api/mongodb/document/rema1000/products/HUNDEGODBID%20M:0
[ERROR] Failed to load resource: the server responded with a status of 404 (Not Found) @ http://localhost:3000/api/mongodb/document/rema1000/products/SOJADRIK:0
[ERROR] Failed to load resource: the server responded with a status of 404 (Not Found) @ http://localhost:3000/api/mongodb/document/rema1000/products/KATTE%20SNACKS%20M:0
[ERROR] Failed to load resource: the server responded with a status of 404 (Not Found) @ http://localhost:3000/api/mongodb/document/rema1000/products/SHAPE%20STR%C3%98MPEBUKS%20M:0
[ERROR] Failed to load resource: the server responded with a status of 404 (Not Found) @ http://localhost:3000/api/mongodb/document/rema1000/products/HUNDEKIKS%20M:0
[ERROR] Failed to load resource: the server responded with a status of 404 (Not Found) @ http://localhost:3000/api/mongodb/document/rema1000/products/SHAPE%20STR%C3%98MPEBUKS%20S:0
[ERROR] Failed to load resource: the server responded with a status of 404 (Not Found) @ http://localhost:3000/api/mongodb/document/rema1000/products/KATTEFODER%20M:0
[ERROR] Failed to load resource: the server responded with a status of 404 (Not Found) @ http://localhost:3000/api/mongodb/document/rema1000/products/FRESH%20%26%20FINE%20M:0
[ERROR] Failed to load resource: the server responded with a status of 404 (Not Found) @ http://localhost:3000/api/mongodb/document/rema1000/products/SEAMLESS%20TAI%20L:0
[ERROR] Failed to load resource: the server responded with a status of 404 (Not Found) @ http://localhost:3000/api/mongodb/document/rema1000/products/STR%C3%98MPEBUKS%20STR.%20S:0
[ERROR] Failed to load resource: the server responded with a status of 404 (Not Found) @ http://localhost:3000/api/mongodb/document/rema1000/products/HIPSTER%20STR.%20L:0
[ERROR] Failed to load resource: the server responded with a status of 404 (Not Found) @ http://localhost:3000/api/mongodb/document/rema1000/products/HIPSTER%20STR.%20S:0
[ERROR] Failed to load resource: the server responded with a status of 404 (Not Found) @ http://localhost:3000/api/mongodb/document/rema1000/products/SEAMLESS%20TAI%20S:0
[ERROR] Failed to load resource: the server responded with a status of 404 (Not Found) @ http://localhost:3000/api/mongodb/document/rema1000/products/REPREVE%20STR%C3%98MPEBUKS%20M:0
[ERROR] Failed to load resource: the server responded with a status of 404 (Not Found) @ http://localhost:3000/api/mongodb/document/rema1000/products/T-SHIRT%20STR.%20S:0
[ERROR] Failed to load resource: the server responded with a status of 404 (Not Found) @ http://localhost:3000/api/mongodb/document/rema1000/products/TAI%20TRUSSE%20STR.%20S:0
[ERROR] Failed to load resource: the server responded with a status of 404 (Not Found) @ http://localhost:3000/api/mongodb/document/rema1000/products/PASTA%20M:0
[ERROR] Failed to load resource: the server responded with a status of 404 (Not Found) @ http://localhost:3000/api/mongodb/document/rema1000/products/T-SHIRT%20STR.%20L:0
[ERROR] Failed to load resource: the server responded with a status of 404 (Not Found) @ http://localhost:3000/api/mongodb/document/rema1000/products/TAI%20TRUSSE%20STR.%20L:0
[ERROR] Failed to load resource: the server responded with a status of 404 (Not Found) @ http://localhost:3000/api/mongodb/document/rema1000/products/LAMPEOLIE:0
[ERROR] Failed to load resource: the server responded with a status of 404 (Not Found) @ http://localhost:3000/api/mongodb/document/rema1000/products/STRAWBERRY:0
[ERROR] Failed to load resource: the server responded with a status of 404 (Not Found) @ http://localhost:3000/api/mongodb/document/rema1000/products/SALAT%20M:0
[ERROR] Failed to load resource: the server responded with a status of 404 (Not Found) @ http://localhost:3000/api/mongodb/document/rema1000/products/BARS%20CHOKO.:0
[ERROR] Failed to load resource: the server responded with a status of 404 (Not Found) @ http://localhost:3000/api/mongodb/document/rema1000/products/NUDLER%20M:0
[ERROR] Failed to load resource: the server responded with a status of 404 (Not Found) @ http://localhost:3000/api/mongodb/document/rema1000/products/P%C3%86RE:0
[ERROR] Failed to load resource: the server responded with a status of 404 (Not Found) @ http://localhost:3000/api/mongodb/document/rema1000/products/KATTEMAD%20M:0
[ERROR] Failed to load resource: the server responded with a status of 404 (Not Found) @ http://localhost:3000/api/mongodb/document/rema1000/products/FOCACCIA%20M:0
[ERROR] Failed to load resource: the server responded with a status of 404 (Not Found) @ http://localhost:3000/api/mongodb/document/rema1000/products/KYLLINGEBRYST%20M:0
[ERROR] Failed to load resource: the server responded with a status of 404 (Not Found) @ http://localhost:3000/api/mongodb/document/rema1000/products/SALT%20M:0
[ERROR] Failed to load resource: the server responded with a status of 404 (Not Found) @ http://localhost:3000/api/mongodb/document/rema1000/products/KATTESTICKS%20M:0
[ERROR] Failed to load resource: the server responded with a status of 404 (Not Found) @ http://localhost:3000/api/mongodb/document/rema1000/products/PEANUTS%20M:0
[ERROR] Failed to load resource: the server responded with a status of 404 (Not Found) @ http://localhost:3000/api/mongodb/document/rema1000/products/HUNDEMAD%20M:0
[ERROR] Failed to load resource: the server responded with a status of 404 (Not Found) @ http://localhost:3000/api/mongodb/document/rema1000/products/HUNDESTICKS%20M:0
[ERROR] Failed to load resource: the server responded with a status of 404 (Not Found) @ http://localhost:3000/api/mongodb/document/rema1000/products/KATTEFODER%20M:0
[ERROR] Failed to load resource: the server responded with a status of 404 (Not Found) @ http://localhost:3000/api/mongodb/document/rema1000/products/HUNDEGODBID%20M:0
[ERROR] Failed to load resource: the server responded with a status of 404 (Not Found) @ http://localhost:3000/api/mongodb/document/rema1000/products/HUNDEKIKS%20M:0
[ERROR] Failed to load resource: the server responded with a status of 404 (Not Found) @ http://localhost:3000/api/mongodb/document/rema1000/products/T-SHIRT%20STR.%20S:0
[ERROR] Failed to load resource: the server responded with a status of 404 (Not Found) @ http://localhost:3000/api/mongodb/document/rema1000/products/SALAT%20M:0
[ERROR] Failed to load resource: the server responded with a status of 404 (Not Found) @ http://localhost:3000/api/mongodb/document/rema1000/products/BARS%20CHOKO.:0
[ERROR] Failed to load resource: the server responded with a status of 404 (Not Found) @ http://localhost:3000/api/mongodb/document/rema1000/products/KATTEMAD%20M:0
[ERROR] Failed to load resource: the server responded with a status of 404 (Not Found) @ http://localhost:3000/api/mongodb/document/rema1000/products/P%C3%86RE:0
[ERROR] Failed to load resource: the server responded with a status of 404 (Not Found) @ http://localhost:3000/api/mongodb/document/rema1000/products/NUDLER%20M:0
[ERROR] Failed to load resource: the server responded with a status of 404 (Not Found) @ http://localhost:3000/api/mongodb/document/rema1000/products/KYLLINGEBRYST%20M:0
[ERROR] Failed to load resource: the server responded with a status of 404 (Not Found) @ http://localhost:3000/api/mongodb/document/rema1000/products/FOCACCIA%20M:0
[ERROR] Failed to load resource: the server responded with a status of 404 (Not Found) @ http://localhost:3000/api/mongodb/document/rema1000/products/SALT%20M:0
[ERROR] Failed to load resource: the server responded with a status of 404 (Not Found) @ http://localhost:3000/api/mongodb/document/rema1000/products/KATTESTICKS%20M:0
[ERROR] Failed to load resource: the server responded with a status of 404 (Not Found) @ http://localhost:3000/api/mongodb/document/rema1000/products/PEANUTS%20M:0
[ERROR] Failed to load resource: the server responded with a status of 404 (Not Found) @ http://localhost:3000/api/mongodb/document/rema1000/products/HUNDEMAD%20M:0
[ERROR] Failed to load resource: the server responded with a status of 404 (Not Found) @ http://localhost:3000/api/mongodb/document/rema1000/products/HUNDESTICKS%20M:0
[ERROR] Failed to load resource: the server responded with a status of 404 (Not Found) @ http://localhost:3000/api/mongodb/document/rema1000/products/KATTEFODER%20M:0
[ERROR] Failed to load resource: the server responded with a status of 404 (Not Found) @ http://localhost:3000/api/mongodb/document/rema1000/products/HUNDEGODBID%20M:0
[ERROR] Failed to load resource: the server responded with a status of 404 (Not Found) @ http://localhost:3000/api/mongodb/document/rema1000/products/HUNDEMAD%20M:0
[ERROR] Failed to load resource: the server responded with a status of 404 (Not Found) @ http://localhost:3000/api/mongodb/document/rema1000/products/P%C3%86RE:0
[ERROR] Failed to load resource: the server responded with a status of 404 (Not Found) @ http://localhost:3000/api/mongodb/document/rema1000/products/T-SHIRT%20STR.%20S:0
[ERROR] Failed to load resource: the server responded with a status of 404 (Not Found) @ http://localhost:3000/api/mongodb/document/rema1000/products/HUNDEKIKS%20M:0
[ERROR] Failed to load resource: the server responded with a status of 404 (Not Found) @ http://localhost:3000/api/mongodb/document/rema1000/products/SALAT%20M:0
[ERROR] Failed to load resource: the server responded with a status of 404 (Not Found) @ http://localhost:3000/api/mongodb/document/rema1000/products/KATTEFODER%20M:0
[ERROR] Failed to load resource: the server responded with a status of 404 (Not Found) @ http://localhost:3000/api/mongodb/document/rema1000/products/P%C3%86RE:0
[ERROR] Failed to load resource: the server responded with a status of 404 (Not Found) @ http://localhost:3000/api/mongodb/document/rema1000/products/HUNDEMAD%20M:0
[ERROR] Failed to load resource: the server responded with a status of 404 (Not Found) @ http://localhost:3000/api/mongodb/document/rema1000/products/KATTEFODER%20M:0
[ERROR] Failed to load resource: the server responded with a status of 404 (Not Found) @ http://localhost:3000/api/mongodb/document/rema1000/products/HUNDEMAD%20M:0
[ERROR] Failed to load resource: the server responded with a status of 404 (Not Found) @ http://localhost:3000/api/mongodb/document/rema1000/products/HUNDEMAD%20M:0