[     966ms] [WARNING] styled-components: it looks like an unknown prop "fetchPriority" is being sent through to the DOM, which will likely trigger a React console error. If you would like automatic filtering of unknown props, you can opt-into that behavior via `<StyleSheetManager shouldForwardProp={...}>` (connect an API like `@emotion/is-prop-valid`) or consider using transient props (`$` prefix for automatic filtering.) @ webpack-internal:///(pages-dir-browser)/./node_modules/styled-components/dist/styled-components.browser.esm.js:29
[    3996ms] [WARNING] The resource http://localhost:3000/System/Icons/96x96/shortcut.webp was preloaded using link preload but not used within a few seconds from the window's load event. Please make sure it has an appropriate `as` value and it is preloaded intentionally. @ http://localhost:3000/:0
[   13238ms] [WARNING] The resource http://localhost:3000/System/Icons/96x96/shortcut.webp was preloaded using link preload but not used within a few seconds from the window's load event. Please make sure it has an appropriate `as` value and it is preloaded intentionally. @ http://localhost:3000/:0
[   15226ms] [ERROR] Failed to load resource: the server responded with a status of 404 (Not Found) @ http://localhost:3000/api/mongodb/document/rema1000/products/desktop.ini:0
[   15242ms] [ERROR] Failed to load resource: the server responded with a status of 404 (Not Found) @ http://localhost:3000/api/mongodb/document/rema1000/products/desktop.ini:0
[   18295ms] [WARNING] The resource http://localhost:3000/System/Icons/96x96/shortcut.webp was preloaded using link preload but not used within a few seconds from the window's load event. Please make sure it has an appropriate `as` value and it is preloaded intentionally. @ http://localhost:3000/:0
[   22165ms] [ERROR] Failed to load resource: the server responded with a status of 404 (Not Found) @ http://localhost:3000/api/mongodb/document/rema1000/products/desktop.ini:0
[   22188ms] [ERROR] Failed to load resource: the server responded with a status of 404 (Not Found) @ http://localhost:3000/api/mongodb/document/rema1000/products/desktop.ini:0
[   22205ms] [ERROR] Failed to load resource: the server responded with a status of 404 (Not Found) @ http://localhost:3000/api/mongodb/document/rema1000/products/desktop.ini:0
[   22287ms] [ERROR] Failed to load resource: the server responded with a status of 404 (Not Found) @ http://localhost:3000/api/mongodb/document/rema1000/products/desktop.ini:0
[   22310ms] [ERROR] Failed to load resource: the server responded with a status of 404 (Not Found) @ http://localhost:3000/api/mongodb/document/rema1000/products/BARS%20CHOKO.:0
[   22311ms] [ERROR] Failed to load resource: the server responded with a status of 404 (Not Found) @ http://localhost:3000/api/mongodb/document/rema1000/products/P%C3%86RE:0
[   22314ms] [ERROR] Failed to load resource: the server responded with a status of 404 (Not Found) @ http://localhost:3000/api/mongodb/document/rema1000/products/NUDLER%20M:0
[   22315ms] [ERROR] Failed to load resource: the server responded with a status of 404 (Not Found) @ http://localhost:3000/api/mongodb/document/rema1000/products/KYLLINGEBRYST%20M:0
[   22316ms] [ERROR] Failed to load resource: the server responded with a status of 404 (Not Found) @ http://localhost:3000/api/mongodb/document/rema1000/products/COLESLAW%20M:0
[   22318ms] [ERROR] Failed to load resource: the server responded with a status of 404 (Not Found) @ http://localhost:3000/api/mongodb/document/rema1000/products/KATTEMAD%20M:0
[   22323ms] [ERROR] Failed to load resource: the server responded with a status of 404 (Not Found) @ http://localhost:3000/api/mongodb/document/rema1000/products/FOCACCIA%20M:0
[   22326ms] [ERROR] Failed to load resource: the server responded with a status of 404 (Not Found) @ http://localhost:3000/api/mongodb/document/rema1000/products/GUL:0
[   22331ms] [ERROR] Failed to load resource: the server responded with a status of 404 (Not Found) @ http://localhost:3000/api/mongodb/document/rema1000/products/INGEF%C3%86R:0
[   22331ms] [ERROR] Failed to load resource: the server responded with a status of 404 (Not Found) @ http://localhost:3000/api/mongodb/document/rema1000/products/SALT%20M:0
[   22332ms] [ERROR] Failed to load resource: the server responded with a status of 404 (Not Found) @ http://localhost:3000/api/mongodb/document/rema1000/products/KATTESTICKS%20M:0
[   22332ms] [ERROR] Failed to load resource: the server responded with a status of 404 (Not Found) @ http://localhost:3000/api/mongodb/document/rema1000/products/KAKAOKIKS%20M:0
[   22341ms] [ERROR] Failed to load resource: the server responded with a status of 404 (Not Found) @ http://localhost:3000/api/mongodb/document/rema1000/products/RISOTTO%20M:0
[   22342ms] [ERROR] Failed to load resource: the server responded with a status of 404 (Not Found) @ http://localhost:3000/api/mongodb/document/rema1000/products/FERSKEN:0
[   22348ms] [ERROR] Failed to load resource: the server responded with a status of 404 (Not Found) @ http://localhost:3000/api/mongodb/document/rema1000/products/SKYR%20MANGO:0
[   22348ms] [ERROR] Failed to load resource: the server responded with a status of 404 (Not Found) @ http://localhost:3000/api/mongodb/document/rema1000/products/KYLLING%20M:0
[   22349ms] [ERROR] Failed to load resource: the server responded with a status of 404 (Not Found) @ http://localhost:3000/api/mongodb/document/rema1000/products/RABARBER:0
[   22354ms] [ERROR] Failed to load resource: the server responded with a status of 404 (Not Found) @ http://localhost:3000/api/mongodb/document/rema1000/products/AGURKESALAT%20U:0
[   22354ms] [ERROR] Failed to load resource: the server responded with a status of 404 (Not Found) @ http://localhost:3000/api/mongodb/document/rema1000/products/HAKKEB%C3%98FFER%20M:0
[   22356ms] [ERROR] Failed to load resource: the server responded with a status of 404 (Not Found) @ http://localhost:3000/api/mongodb/document/rema1000/products/GRYDERET%20M:0
[   22365ms] [ERROR] Failed to load resource: the server responded with a status of 404 (Not Found) @ http://localhost:3000/api/mongodb/document/rema1000/products/KALVESTICKS%20MED%20BACON:0
[   22366ms] [ERROR] Failed to load resource: the server responded with a status of 404 (Not Found) @ http://localhost:3000/api/mongodb/document/rema1000/products/PASTARET%20M:0
[   22371ms] [ERROR] Failed to load resource: the server responded with a status of 404 (Not Found) @ http://localhost:3000/api/mongodb/document/rema1000/products/CHORIZO%20M:0
[   22372ms] [ERROR] Failed to load resource: the server responded with a status of 404 (Not Found) @ http://localhost:3000/api/mongodb/document/rema1000/products/GRAVAD%20FILET%20M:0
[   22373ms] [ERROR] Failed to load resource: the server responded with a status of 404 (Not Found) @ http://localhost:3000/api/mongodb/document/rema1000/products/SALAMI%20M:0
[   22374ms] [ERROR] Failed to load resource: the server responded with a status of 404 (Not Found) @ http://localhost:3000/api/mongodb/document/rema1000/products/SKY%20M:0
[   22382ms] [ERROR] Failed to load resource: the server responded with a status of 404 (Not Found) @ http://localhost:3000/api/mongodb/document/rema1000/products/SM%C3%98REOST%208:0
[   22387ms] [ERROR] Failed to load resource: the server responded with a status of 404 (Not Found) @ http://localhost:3000/api/mongodb/document/rema1000/products/ISVAFFEL%20M:0
[   22390ms] [ERROR] Failed to load resource: the server responded with a status of 404 (Not Found) @ http://localhost:3000/api/mongodb/document/rema1000/products/MANDLER%20M:0
[   22391ms] [ERROR] Failed to load resource: the server responded with a status of 404 (Not Found) @ http://localhost:3000/api/mongodb/document/rema1000/products/LAKS%20I%20CITRON:0
[   22392ms] [ERROR] Failed to load resource: the server responded with a status of 404 (Not Found) @ http://localhost:3000/api/mongodb/document/rema1000/products/PEANUTS%20M:0
[   22392ms] [ERROR] Failed to load resource: the server responded with a status of 404 (Not Found) @ http://localhost:3000/api/mongodb/document/rema1000/products/MAJSSNACKS%20M:0
[   22395ms] [ERROR] Failed to load resource: the server responded with a status of 404 (Not Found) @ http://localhost:3000/api/mongodb/document/rema1000/products/CHEDDAR:0
[   22400ms] [ERROR] Failed to load resource: the server responded with a status of 404 (Not Found) @ http://localhost:3000/api/mongodb/document/rema1000/products/MAYO%20M:0
[   22404ms] [ERROR] Failed to load resource: the server responded with a status of 404 (Not Found) @ http://localhost:3000/api/mongodb/document/rema1000/products/ASIER%20U:0
[   22405ms] [ERROR] Failed to load resource: the server responded with a status of 404 (Not Found) @ http://localhost:3000/api/mongodb/document/rema1000/products/R%C3%98DK%C3%85L%20U:0
[   22406ms] [ERROR] Failed to load resource: the server responded with a status of 404 (Not Found) @ http://localhost:3000/api/mongodb/document/rema1000/products/BORDSALT%20%20M:0
[   22408ms] [ERROR] Failed to load resource: the server responded with a status of 404 (Not Found) @ http://localhost:3000/api/mongodb/document/rema1000/products/YMERDRYS%20M:0
[   22408ms] [ERROR] Failed to load resource: the server responded with a status of 404 (Not Found) @ http://localhost:3000/api/mongodb/document/rema1000/products/ABRIKOS:0
[   22416ms] [ERROR] Failed to load resource: the server responded with a status of 404 (Not Found) @ http://localhost:3000/api/mongodb/document/rema1000/products/GRANOLA%20M:0
[   22417ms] [ERROR] Failed to load resource: the server responded with a status of 404 (Not Found) @ http://localhost:3000/api/mongodb/document/rema1000/products/BUCATINI:0
[   22419ms] [ERROR] Failed to load resource: the server responded with a status of 404 (Not Found) @ http://localhost:3000/api/mongodb/document/rema1000/products/LASAGNETTE%20M:0
[   22422ms] [ERROR] Failed to load resource: the server responded with a status of 404 (Not Found) @ http://localhost:3000/api/mongodb/document/rema1000/products/SOJADRIK:0
[   22423ms] [ERROR] Failed to load resource: the server responded with a status of 404 (Not Found) @ http://localhost:3000/api/mongodb/document/rema1000/products/FR%C3%98ST%C3%86NGER%20T:0
[   22424ms] [ERROR] Failed to load resource: the server responded with a status of 404 (Not Found) @ http://localhost:3000/api/mongodb/document/rema1000/products/RIS:0
[   22430ms] [ERROR] Failed to load resource: the server responded with a status of 404 (Not Found) @ http://localhost:3000/api/mongodb/document/rema1000/products/HUNDEGODBID%20M:0
[   22430ms] [ERROR] Failed to load resource: the server responded with a status of 404 (Not Found) @ http://localhost:3000/api/mongodb/document/rema1000/products/TYGGEBEN%20M:0
[   22431ms] [ERROR] Failed to load resource: the server responded with a status of 404 (Not Found) @ http://localhost:3000/api/mongodb/document/rema1000/products/HUNDEMAD%20M:0
[   22433ms] [ERROR] Failed to load resource: the server responded with a status of 404 (Not Found) @ http://localhost:3000/api/mongodb/document/rema1000/products/HUNDESTICKS%20M:0
[   22434ms] [ERROR] Failed to load resource: the server responded with a status of 404 (Not Found) @ http://localhost:3000/api/mongodb/document/rema1000/products/KATTEFODER%20M:0
[   22437ms] [ERROR] Failed to load resource: the server responded with a status of 404 (Not Found) @ http://localhost:3000/api/mongodb/document/rema1000/products/HUNDEKIKS%20M:0
[   22445ms] [ERROR] Failed to load resource: the server responded with a status of 404 (Not Found) @ http://localhost:3000/api/mongodb/document/rema1000/products/FRESH%20%26%20FINE%20M:0
[   22446ms] [ERROR] Failed to load resource: the server responded with a status of 404 (Not Found) @ http://localhost:3000/api/mongodb/document/rema1000/products/KATTE%20SNACKS%20M:0
[   22451ms] [ERROR] Failed to load resource: the server responded with a status of 404 (Not Found) @ http://localhost:3000/api/mongodb/document/rema1000/products/SHAPE%20STR%C3%98MPEBUKS%20M:0
[   22455ms] [ERROR] Failed to load resource: the server responded with a status of 404 (Not Found) @ http://localhost:3000/api/mongodb/document/rema1000/products/HIPSTER%20STR.%20S:0
[   22458ms] [ERROR] Failed to load resource: the server responded with a status of 404 (Not Found) @ http://localhost:3000/api/mongodb/document/rema1000/products/SHAPE%20STR%C3%98MPEBUKS%20S:0
[   22459ms] [ERROR] Failed to load resource: the server responded with a status of 404 (Not Found) @ http://localhost:3000/api/mongodb/document/rema1000/products/HIPSTER%20STR.%20L:0
[   22461ms] [ERROR] Failed to load resource: the server responded with a status of 404 (Not Found) @ http://localhost:3000/api/mongodb/document/rema1000/products/REPREVE%20STR%C3%98MPEBUKS%20M:0
[   22465ms] [ERROR] Failed to load resource: the server responded with a status of 404 (Not Found) @ http://localhost:3000/api/mongodb/document/rema1000/products/SEAMLESS%20TAI%20L:0
[   22471ms] [ERROR] Failed to load resource: the server responded with a status of 404 (Not Found) @ http://localhost:3000/api/mongodb/document/rema1000/products/STR%C3%98MPEBUKS%20STR.%20S:0
[   22472ms] [ERROR] Failed to load resource: the server responded with a status of 404 (Not Found) @ http://localhost:3000/api/mongodb/document/rema1000/products/SEAMLESS%20TAI%20S:0
[   22473ms] [ERROR] Failed to load resource: the server responded with a status of 404 (Not Found) @ http://localhost:3000/api/mongodb/document/rema1000/products/T-SHIRT%20STR.%20S:0
[   22474ms] [ERROR] Failed to load resource: the server responded with a status of 404 (Not Found) @ http://localhost:3000/api/mongodb/document/rema1000/products/T-SHIRT%20STR.%20L:0
[   22479ms] [ERROR] Failed to load resource: the server responded with a status of 404 (Not Found) @ http://localhost:3000/api/mongodb/document/rema1000/products/TAI%20TRUSSE%20STR.%20L:0
[   22481ms] [ERROR] Failed to load resource: the server responded with a status of 404 (Not Found) @ http://localhost:3000/api/mongodb/document/rema1000/products/TAI%20TRUSSE%20STR.%20S:0
[   22485ms] [ERROR] Failed to load resource: the server responded with a status of 404 (Not Found) @ http://localhost:3000/api/mongodb/document/rema1000/products/LAMPEOLIE:0
[   22486ms] [ERROR] Failed to load resource: the server responded with a status of 404 (Not Found) @ http://localhost:3000/api/mongodb/document/rema1000/products/PASTA%20M:0
[   22489ms] [ERROR] Failed to load resource: the server responded with a status of 404 (Not Found) @ http://localhost:3000/api/mongodb/document/rema1000/products/STRAWBERRY:0
[   22490ms] [ERROR] Failed to load resource: the server responded with a status of 404 (Not Found) @ http://localhost:3000/api/mongodb/document/rema1000/products/SALAT%20M:0
[   22496ms] [ERROR] Failed to load resource: the server responded with a status of 404 (Not Found) @ http://localhost:3000/api/mongodb/document/rema1000/products/KYLLINGEBRYST%20M:0
[   22496ms] [ERROR] Failed to load resource: the server responded with a status of 404 (Not Found) @ http://localhost:3000/api/mongodb/document/rema1000/products/BARS%20CHOKO.:0
[   22497ms] [ERROR] Failed to load resource: the server responded with a status of 404 (Not Found) @ http://localhost:3000/api/mongodb/document/rema1000/products/P%C3%86RE:0
[   22497ms] [ERROR] Failed to load resource: the server responded with a status of 404 (Not Found) @ http://localhost:3000/api/mongodb/document/rema1000/products/NUDLER%20M:0
[   22499ms] [ERROR] Failed to load resource: the server responded with a status of 404 (Not Found) @ http://localhost:3000/api/mongodb/document/rema1000/products/KATTEMAD%20M:0
[   22500ms] [ERROR] Failed to load resource: the server responded with a status of 404 (Not Found) @ http://localhost:3000/api/mongodb/document/rema1000/products/COLESLAW%20M:0
[   22507ms] [ERROR] Failed to load resource: the server responded with a status of 404 (Not Found) @ http://localhost:3000/api/mongodb/document/rema1000/products/GUL:0
[   22507ms] [ERROR] Failed to load resource: the server responded with a status of 404 (Not Found) @ http://localhost:3000/api/mongodb/document/rema1000/products/INGEF%C3%86R:0
[   22508ms] [ERROR] Failed to load resource: the server responded with a status of 404 (Not Found) @ http://localhost:3000/api/mongodb/document/rema1000/products/FOCACCIA%20M:0
[   22509ms] [ERROR] Failed to load resource: the server responded with a status of 404 (Not Found) @ http://localhost:3000/api/mongodb/document/rema1000/products/SALT%20M:0
[   22509ms] [ERROR] Failed to load resource: the server responded with a status of 404 (Not Found) @ http://localhost:3000/api/mongodb/document/rema1000/products/KATTESTICKS%20M:0
[   22511ms] [ERROR] Failed to load resource: the server responded with a status of 404 (Not Found) @ http://localhost:3000/api/mongodb/document/rema1000/products/KAKAOKIKS%20M:0
[   22520ms] [ERROR] Failed to load resource: the server responded with a status of 404 (Not Found) @ http://localhost:3000/api/mongodb/document/rema1000/products/FERSKEN:0
[   22520ms] [ERROR] Failed to load resource: the server responded with a status of 404 (Not Found) @ http://localhost:3000/api/mongodb/document/rema1000/products/SKYR%20MANGO:0
[   22521ms] [ERROR] Failed to load resource: the server responded with a status of 404 (Not Found) @ http://localhost:3000/api/mongodb/document/rema1000/products/RISOTTO%20M:0
[   22523ms] [ERROR] Failed to load resource: the server responded with a status of 404 (Not Found) @ http://localhost:3000/api/mongodb/document/rema1000/products/RABARBER:0
[   22523ms] [ERROR] Failed to load resource: the server responded with a status of 404 (Not Found) @ http://localhost:3000/api/mongodb/document/rema1000/products/KYLLING%20M:0
[   22524ms] [ERROR] Failed to load resource: the server responded with a status of 404 (Not Found) @ http://localhost:3000/api/mongodb/document/rema1000/products/AGURKESALAT%20U:0
[   22530ms] [ERROR] Failed to load resource: the server responded with a status of 404 (Not Found) @ http://localhost:3000/api/mongodb/document/rema1000/products/HAKKEB%C3%98FFER%20M:0
[   22530ms] [ERROR] Failed to load resource: the server responded with a status of 404 (Not Found) @ http://localhost:3000/api/mongodb/document/rema1000/products/GRYDERET%20M:0
[   22530ms] [ERROR] Failed to load resource: the server responded with a status of 404 (Not Found) @ http://localhost:3000/api/mongodb/document/rema1000/products/KALVESTICKS%20MED%20BACON:0
[   22532ms] [ERROR] Failed to load resource: the server responded with a status of 404 (Not Found) @ http://localhost:3000/api/mongodb/document/rema1000/products/CHORIZO%20M:0
[   22532ms] [ERROR] Failed to load resource: the server responded with a status of 404 (Not Found) @ http://localhost:3000/api/mongodb/document/rema1000/products/PASTARET%20M:0
[   22533ms] [ERROR] Failed to load resource: the server responded with a status of 404 (Not Found) @ http://localhost:3000/api/mongodb/document/rema1000/products/GRAVAD%20FILET%20M:0
[   22539ms] [ERROR] Failed to load resource: the server responded with a status of 404 (Not Found) @ http://localhost:3000/api/mongodb/document/rema1000/products/SKY%20M:0
[   22539ms] [ERROR] Failed to load resource: the server responded with a status of 404 (Not Found) @ http://localhost:3000/api/mongodb/document/rema1000/products/SM%C3%98REOST%208:0
[   22539ms] [ERROR] Failed to load resource: the server responded with a status of 404 (Not Found) @ http://localhost:3000/api/mongodb/document/rema1000/products/SALAMI%20M:0
[   22541ms] [ERROR] Failed to load resource: the server responded with a status of 404 (Not Found) @ http://localhost:3000/api/mongodb/document/rema1000/products/LAKS%20I%20CITRON:0
[   22541ms] [ERROR] Failed to load resource: the server responded with a status of 404 (Not Found) @ http://localhost:3000/api/mongodb/document/rema1000/products/ISVAFFEL%20M:0
[   22542ms] [ERROR] Failed to load resource: the server responded with a status of 404 (Not Found) @ http://localhost:3000/api/mongodb/document/rema1000/products/MANDLER%20M:0
[   22547ms] [ERROR] Failed to load resource: the server responded with a status of 404 (Not Found) @ http://localhost:3000/api/mongodb/document/rema1000/products/MAJSSNACKS%20M:0
[   22548ms] [ERROR] Failed to load resource: the server responded with a status of 404 (Not Found) @ http://localhost:3000/api/mongodb/document/rema1000/products/PEANUTS%20M:0
[   22548ms] [ERROR] Failed to load resource: the server responded with a status of 404 (Not Found) @ http://localhost:3000/api/mongodb/document/rema1000/products/CHEDDAR:0
[   22551ms] [ERROR] Failed to load resource: the server responded with a status of 404 (Not Found) @ http://localhost:3000/api/mongodb/document/rema1000/products/ASIER%20U:0
[   22552ms] [ERROR] Failed to load resource: the server responded with a status of 404 (Not Found) @ http://localhost:3000/api/mongodb/document/rema1000/products/R%C3%98DK%C3%85L%20U:0
[   22553ms] [ERROR] Failed to load resource: the server responded with a status of 404 (Not Found) @ http://localhost:3000/api/mongodb/document/rema1000/products/MAYO%20M:0
[   22562ms] [ERROR] Failed to load resource: the server responded with a status of 404 (Not Found) @ http://localhost:3000/api/mongodb/document/rema1000/products/BORDSALT%20%20M:0
[   22563ms] [ERROR] Failed to load resource: the server responded with a status of 404 (Not Found) @ http://localhost:3000/api/mongodb/document/rema1000/products/YMERDRYS%20M:0
[   22563ms] [ERROR] Failed to load resource: the server responded with a status of 404 (Not Found) @ http://localhost:3000/api/mongodb/document/rema1000/products/ABRIKOS:0
[   22565ms] [ERROR] Failed to load resource: the server responded with a status of 404 (Not Found) @ http://localhost:3000/api/mongodb/document/rema1000/products/GRANOLA%20M:0
[   22566ms] [ERROR] Failed to load resource: the server responded with a status of 404 (Not Found) @ http://localhost:3000/api/mongodb/document/rema1000/products/BUCATINI:0
[   22568ms] [ERROR] Failed to load resource: the server responded with a status of 404 (Not Found) @ http://localhost:3000/api/mongodb/document/rema1000/products/LASAGNETTE%20M:0
[   22575ms] [ERROR] Failed to load resource: the server responded with a status of 404 (Not Found) @ http://localhost:3000/api/mongodb/document/rema1000/products/FR%C3%98ST%C3%86NGER%20T:0
[   22576ms] [ERROR] Failed to load resource: the server responded with a status of 404 (Not Found) @ http://localhost:3000/api/mongodb/document/rema1000/products/SOJADRIK:0
[   22577ms] [ERROR] Failed to load resource: the server responded with a status of 404 (Not Found) @ http://localhost:3000/api/mongodb/document/rema1000/products/RIS:0
[   22578ms] [ERROR] Failed to load resource: the server responded with a status of 404 (Not Found) @ http://localhost:3000/api/mongodb/document/rema1000/products/TYGGEBEN%20M:0
[   22579ms] [ERROR] Failed to load resource: the server responded with a status of 404 (Not Found) @ http://localhost:3000/api/mongodb/document/rema1000/products/HUNDEGODBID%20M:0
[   22582ms] [ERROR] Failed to load resource: the server responded with a status of 404 (Not Found) @ http://localhost:3000/api/mongodb/document/rema1000/products/HUNDEMAD%20M:0
[   22589ms] [ERROR] Failed to load resource: the server responded with a status of 404 (Not Found) @ http://localhost:3000/api/mongodb/document/rema1000/products/KATTEFODER%20M:0
[   22589ms] [ERROR] Failed to load resource: the server responded with a status of 404 (Not Found) @ http://localhost:3000/api/mongodb/document/rema1000/products/HUNDESTICKS%20M:0
[   22590ms] [ERROR] Failed to load resource: the server responded with a status of 404 (Not Found) @ http://localhost:3000/api/mongodb/document/rema1000/products/HUNDEKIKS%20M:0
[   22592ms] [ERROR] Failed to load resource: the server responded with a status of 404 (Not Found) @ http://localhost:3000/api/mongodb/document/rema1000/products/KATTE%20SNACKS%20M:0
[   22592ms] [ERROR] Failed to load resource: the server responded with a status of 404 (Not Found) @ http://localhost:3000/api/mongodb/document/rema1000/products/FRESH%20%26%20FINE%20M:0
[   22593ms] [ERROR] Failed to load resource: the server responded with a status of 404 (Not Found) @ http://localhost:3000/api/mongodb/document/rema1000/products/SHAPE%20STR%C3%98MPEBUKS%20M:0
[   22598ms] [ERROR] Failed to load resource: the server responded with a status of 404 (Not Found) @ http://localhost:3000/api/mongodb/document/rema1000/products/HIPSTER%20STR.%20L:0
[   22598ms] [ERROR] Failed to load resource: the server responded with a status of 404 (Not Found) @ http://localhost:3000/api/mongodb/document/rema1000/products/SHAPE%20STR%C3%98MPEBUKS%20S:0
[   22599ms] [ERROR] Failed to load resource: the server responded with a status of 404 (Not Found) @ http://localhost:3000/api/mongodb/document/rema1000/products/HIPSTER%20STR.%20S:0
[   22602ms] [ERROR] Failed to load resource: the server responded with a status of 404 (Not Found) @ http://localhost:3000/api/mongodb/document/rema1000/products/REPREVE%20STR%C3%98MPEBUKS%20M:0
[   22606ms] [ERROR] Failed to load resource: the server responded with a status of 404 (Not Found) @ http://localhost:3000/api/mongodb/document/rema1000/products/SEAMLESS%20TAI%20L:0
[   22607ms] [ERROR] Failed to load resource: the server responded with a status of 404 (Not Found) @ http://localhost:3000/api/mongodb/document/rema1000/products/STR%C3%98MPEBUKS%20STR.%20S:0
[   22614ms] [ERROR] Failed to load resource: the server responded with a status of 404 (Not Found) @ http://localhost:3000/api/mongodb/document/rema1000/products/TAI%20TRUSSE%20STR.%20L:0
[   22614ms] [ERROR] Failed to load resource: the server responded with a status of 404 (Not Found) @ http://localhost:3000/api/mongodb/document/rema1000/products/T-SHIRT%20STR.%20L:0
[   22614ms] [ERROR] Failed to load resource: the server responded with a status of 404 (Not Found) @ http://localhost:3000/api/mongodb/document/rema1000/products/SEAMLESS%20TAI%20S:0
[   22615ms] [ERROR] Failed to load resource: the server responded with a status of 404 (Not Found) @ http://localhost:3000/api/mongodb/document/rema1000/products/T-SHIRT%20STR.%20S:0
[   22616ms] [ERROR] Failed to load resource: the server responded with a status of 404 (Not Found) @ http://localhost:3000/api/mongodb/document/rema1000/products/TAI%20TRUSSE%20STR.%20S:0
[   22617ms] [ERROR] Failed to load resource: the server responded with a status of 404 (Not Found) @ http://localhost:3000/api/mongodb/document/rema1000/products/LAMPEOLIE:0
[   22627ms] [ERROR] Failed to load resource: the server responded with a status of 404 (Not Found) @ http://localhost:3000/api/mongodb/document/rema1000/products/PASTA%20M:0
[   22627ms] [ERROR] Failed to load resource: the server responded with a status of 404 (Not Found) @ http://localhost:3000/api/mongodb/document/rema1000/products/STRAWBERRY:0
[   22628ms] [ERROR] Failed to load resource: the server responded with a status of 404 (Not Found) @ http://localhost:3000/api/mongodb/document/rema1000/products/SALAT%20M:0
[   22630ms] [ERROR] Failed to load resource: the server responded with a status of 404 (Not Found) @ http://localhost:3000/api/mongodb/document/rema1000/products/KYLLINGEBRYST%20M:0
[   22633ms] [ERROR] Failed to load resource: the server responded with a status of 404 (Not Found) @ http://localhost:3000/api/mongodb/document/rema1000/products/BARS%20CHOKO.:0
[   22635ms] [ERROR] Failed to load resource: the server responded with a status of 404 (Not Found) @ http://localhost:3000/api/mongodb/document/rema1000/products/P%C3%86RE:0
[   22643ms] [ERROR] Failed to load resource: the server responded with a status of 404 (Not Found) @ http://localhost:3000/api/mongodb/document/rema1000/products/KATTEMAD%20M:0
[   22643ms] [ERROR] Failed to load resource: the server responded with a status of 404 (Not Found) @ http://localhost:3000/api/mongodb/document/rema1000/products/NUDLER%20M:0
[   22644ms] [ERROR] Failed to load resource: the server responded with a status of 404 (Not Found) @ http://localhost:3000/api/mongodb/document/rema1000/products/FOCACCIA%20M:0
[   22647ms] [ERROR] Failed to load resource: the server responded with a status of 404 (Not Found) @ http://localhost:3000/api/mongodb/document/rema1000/products/SALT%20M:0
[   22647ms] [ERROR] Failed to load resource: the server responded with a status of 404 (Not Found) @ http://localhost:3000/api/mongodb/document/rema1000/products/HUNDEGODBID%20M:0
[   22648ms] [ERROR] Failed to load resource: the server responded with a status of 404 (Not Found) @ http://localhost:3000/api/mongodb/document/rema1000/products/KATTESTICKS%20M:0
[   22653ms] [ERROR] Failed to load resource: the server responded with a status of 404 (Not Found) @ http://localhost:3000/api/mongodb/document/rema1000/products/HUNDEMAD%20M:0
[   22654ms] [ERROR] Failed to load resource: the server responded with a status of 404 (Not Found) @ http://localhost:3000/api/mongodb/document/rema1000/products/HUNDESTICKS%20M:0
[   22656ms] [ERROR] Failed to load resource: the server responded with a status of 404 (Not Found) @ http://localhost:3000/api/mongodb/document/rema1000/products/KATTEFODER%20M:0
[   22664ms] [ERROR] Failed to load resource: the server responded with a status of 404 (Not Found) @ http://localhost:3000/api/mongodb/document/rema1000/products/T-SHIRT%20STR.%20S:0
[   22664ms] [ERROR] Failed to load resource: the server responded with a status of 404 (Not Found) @ http://localhost:3000/api/mongodb/document/rema1000/products/SALAT%20M:0
[   22664ms] [ERROR] Failed to load resource: the server responded with a status of 404 (Not Found) @ http://localhost:3000/api/mongodb/document/rema1000/products/HUNDEKIKS%20M:0
[   22668ms] [ERROR] Failed to load resource: the server responded with a status of 404 (Not Found) @ http://localhost:3000/api/mongodb/document/rema1000/products/KYLLINGEBRYST%20M:0
[   22669ms] [ERROR] Failed to load resource: the server responded with a status of 404 (Not Found) @ http://localhost:3000/api/mongodb/document/rema1000/products/P%C3%86RE:0
[   22670ms] [ERROR] Failed to load resource: the server responded with a status of 404 (Not Found) @ http://localhost:3000/api/mongodb/document/rema1000/products/BARS%20CHOKO.:0
[   22676ms] [ERROR] Failed to load resource: the server responded with a status of 404 (Not Found) @ http://localhost:3000/api/mongodb/document/rema1000/products/FOCACCIA%20M:0
[   22677ms] [ERROR] Failed to load resource: the server responded with a status of 404 (Not Found) @ http://localhost:3000/api/mongodb/document/rema1000/products/KATTEMAD%20M:0
[   22678ms] [ERROR] Failed to load resource: the server responded with a status of 404 (Not Found) @ http://localhost:3000/api/mongodb/document/rema1000/products/NUDLER%20M:0
[   22679ms] [ERROR] Failed to load resource: the server responded with a status of 404 (Not Found) @ http://localhost:3000/api/mongodb/document/rema1000/products/KATTESTICKS%20M:0
[   22680ms] [ERROR] Failed to load resource: the server responded with a status of 404 (Not Found) @ http://localhost:3000/api/mongodb/document/rema1000/products/SALT%20M:0
[   22681ms] [ERROR] Failed to load resource: the server responded with a status of 404 (Not Found) @ http://localhost:3000/api/mongodb/document/rema1000/products/HUNDEGODBID%20M:0
[   22690ms] [ERROR] Failed to load resource: the server responded with a status of 404 (Not Found) @ http://localhost:3000/api/mongodb/document/rema1000/products/HUNDESTICKS%20M:0
[   22691ms] [ERROR] Failed to load resource: the server responded with a status of 404 (Not Found) @ http://localhost:3000/api/mongodb/document/rema1000/products/KATTEFODER%20M:0
[   22692ms] [ERROR] Failed to load resource: the server responded with a status of 404 (Not Found) @ http://localhost:3000/api/mongodb/document/rema1000/products/T-SHIRT%20STR.%20S:0
[   22694ms] [ERROR] Failed to load resource: the server responded with a status of 404 (Not Found) @ http://localhost:3000/api/mongodb/document/rema1000/products/HUNDEMAD%20M:0
[   22695ms] [ERROR] Failed to load resource: the server responded with a status of 404 (Not Found) @ http://localhost:3000/api/mongodb/document/rema1000/products/HUNDEKIKS%20M:0
[   22696ms] [ERROR] Failed to load resource: the server responded with a status of 404 (Not Found) @ http://localhost:3000/api/mongodb/document/rema1000/products/SALAT%20M:0
[   22700ms] [ERROR] Failed to load resource: the server responded with a status of 404 (Not Found) @ http://localhost:3000/api/mongodb/document/rema1000/products/P%C3%86RE:0
[   22702ms] [ERROR] Failed to load resource: the server responded with a status of 404 (Not Found) @ http://localhost:3000/api/mongodb/document/rema1000/products/KATTEFODER%20M:0
[   22705ms] [ERROR] Failed to load resource: the server responded with a status of 404 (Not Found) @ http://localhost:3000/api/mongodb/document/rema1000/products/HUNDEMAD%20M:0
[   22709ms] [ERROR] Failed to load resource: the server responded with a status of 404 (Not Found) @ http://localhost:3000/api/mongodb/document/rema1000/products/P%C3%86RE:0
[   22709ms] [ERROR] Failed to load resource: the server responded with a status of 404 (Not Found) @ http://localhost:3000/api/mongodb/document/rema1000/products/KATTEFODER%20M:0
[   22710ms] [ERROR] Failed to load resource: the server responded with a status of 404 (Not Found) @ http://localhost:3000/api/mongodb/document/rema1000/products/HUNDEMAD%20M:0
[   22716ms] [ERROR] Failed to load resource: the server responded with a status of 404 (Not Found) @ http://localhost:3000/api/mongodb/document/rema1000/products/HUNDEMAD%20M:0
[   22724ms] [ERROR] Failed to load resource: the server responded with a status of 404 (Not Found) @ http://localhost:3000/api/mongodb/document/rema1000/products/HUNDEMAD%20M:0
[   26995ms] [WARNING] The resource http://localhost:3000/System/Icons/96x96/shortcut.webp was preloaded using link preload but not used within a few seconds from the window's load event. Please make sure it has an appropriate `as` value and it is preloaded intentionally. @ http://localhost:3000/:0
[10757343ms] [ERROR] WebSocket connection to 'ws://localhost:3000/_next/webpack-hmr' failed: Error in connection establishment: net::ERR_CONNECTION_REFUSED @ webpack-internal:///(pages-dir-browser)/./node_modules/next/dist/client/dev/hot-reloader/pages/websocket.js:88
[10758346ms] [ERROR] WebSocket connection to 'ws://localhost:3000/_next/webpack-hmr' failed: Error in connection establishment: net::ERR_CONNECTION_REFUSED @ webpack-internal:///(pages-dir-browser)/./node_modules/next/dist/client/dev/hot-reloader/pages/websocket.js:88
[10759352ms] [ERROR] WebSocket connection to 'ws://localhost:3000/_next/webpack-hmr' failed: Error in connection establishment: net::ERR_CONNECTION_REFUSED @ webpack-internal:///(pages-dir-browser)/./node_modules/next/dist/client/dev/hot-reloader/pages/websocket.js:88
[10760357ms] [ERROR] WebSocket connection to 'ws://localhost:3000/_next/webpack-hmr' failed: Error in connection establishment: net::ERR_CONNECTION_REFUSED @ webpack-internal:///(pages-dir-browser)/./node_modules/next/dist/client/dev/hot-reloader/pages/websocket.js:88
[10761362ms] [ERROR] WebSocket connection to 'ws://localhost:3000/_next/webpack-hmr' failed: Error in connection establishment: net::ERR_CONNECTION_REFUSED @ webpack-internal:///(pages-dir-browser)/./node_modules/next/dist/client/dev/hot-reloader/pages/websocket.js:88
[10766370ms] [ERROR] WebSocket connection to 'ws://localhost:3000/_next/webpack-hmr' failed: Error in connection establishment: net::ERR_CONNECTION_REFUSED @ webpack-internal:///(pages-dir-browser)/./node_modules/next/dist/client/dev/hot-reloader/pages/websocket.js:88
[10771383ms] [ERROR] WebSocket connection to 'ws://localhost:3000/_next/webpack-hmr' failed: Error in connection establishment: net::ERR_CONNECTION_REFUSED @ webpack-internal:///(pages-dir-browser)/./node_modules/next/dist/client/dev/hot-reloader/pages/websocket.js:88
[10776513ms] [ERROR] Failed to load resource: the server responded with a status of 404 (Not Found) @ http://localhost:3000/_next/static/webpack/de3e6954924104c0.webpack.hot-update.json:0
[10777816ms] [ERROR] Failed to load resource: the server responded with a status of 404 (Not Found) @ http://localhost:3000/_next/static/webpack/de3e6954924104c0.webpack.hot-update.json:0
[10780517ms] [WARNING] styled-components: it looks like an unknown prop "fetchPriority" is being sent through to the DOM, which will likely trigger a React console error. If you would like automatic filtering of unknown props, you can opt-into that behavior via `<StyleSheetManager shouldForwardProp={...}>` (connect an API like `@emotion/is-prop-valid`) or consider using transient props (`$` prefix for automatic filtering.) @ webpack-internal:///(pages-dir-browser)/./node_modules/styled-components/dist/styled-components.browser.esm.js:29
[10783550ms] [WARNING] The resource http://localhost:3000/System/Icons/96x96/shortcut.webp was preloaded using link preload but not used within a few seconds from the window's load event. Please make sure it has an appropriate `as` value and it is preloaded intentionally. @ http://localhost:3000/:0
