[    1002ms] [WARNING] styled-components: it looks like an unknown prop "fetchPriority" is being sent through to the DOM, which will likely trigger a React console error. If you would like automatic filtering of unknown props, you can opt-into that behavior via `<StyleSheetManager shouldForwardProp={...}>` (connect an API like `@emotion/is-prop-valid`) or consider using transient props (`$` prefix for automatic filtering.) @ webpack-internal:///(pages-dir-browser)/./node_modules/styled-components/dist/styled-components.browser.esm.js:29
[    4024ms] [WARNING] The resource http://localhost:3000/System/Icons/96x96/shortcut.webp was preloaded using link preload but not used within a few seconds from the window's load event. Please make sure it has an appropriate `as` value and it is preloaded intentionally. @ http://localhost:3000/:0
[   16455ms] [WARNING] The resource http://localhost:3000/System/Icons/96x96/shortcut.webp was preloaded using link preload but not used within a few seconds from the window's load event. Please make sure it has an appropriate `as` value and it is preloaded intentionally. @ http://localhost:3000/:0
[   25121ms] [WARNING] The resource http://localhost:3000/System/Icons/96x96/shortcut.webp was preloaded using link preload but not used within a few seconds from the window's load event. Please make sure it has an appropriate `as` value and it is preloaded intentionally. @ http://localhost:3000/:0
[  476692ms] [WARNING] The resource http://localhost:3000/System/Icons/96x96/shortcut.webp was preloaded using link preload but not used within a few seconds from the window's load event. Please make sure it has an appropriate `as` value and it is preloaded intentionally. @ http://localhost:3000/:0
[  509799ms] [WARNING] The resource http://localhost:3000/System/Icons/96x96/shortcut.webp was preloaded using link preload but not used within a few seconds from the window's load event. Please make sure it has an appropriate `as` value and it is preloaded intentionally. @ http://localhost:3000/:0
[  754759ms] [ERROR] Failed to load resource: the server responded with a status of 404 (Not Found) @ http://localhost:3000/api/mongodb/document/rema1000/products/desktop.ini:0
[  754760ms] [ERROR] Failed to load resource: the server responded with a status of 404 (Not Found) @ http://localhost:3000/api/mongodb/document/rema1000/digital-products/desktop.ini:0
[  754780ms] [ERROR] Failed to load resource: the server responded with a status of 404 (Not Found) @ http://localhost:3000/api/mongodb/document/rema1000/products/desktop.ini:0
[  754782ms] [ERROR] Failed to load resource: the server responded with a status of 404 (Not Found) @ http://localhost:3000/api/mongodb/document/rema1000/digital-products/desktop.ini:0
[  757834ms] [WARNING] The resource http://localhost:3000/System/Icons/96x96/shortcut.webp was preloaded using link preload but not used within a few seconds from the window's load event. Please make sure it has an appropriate `as` value and it is preloaded intentionally. @ http://localhost:3000/:0
[  767554ms] [WARNING] The resource http://localhost:3000/System/Icons/96x96/shortcut.webp was preloaded using link preload but not used within a few seconds from the window's load event. Please make sure it has an appropriate `as` value and it is preloaded intentionally. @ http://localhost:3000/:0
[  842645ms] [WARNING] The resource http://localhost:3000/System/Icons/96x96/shortcut.webp was preloaded using link preload but not used within a few seconds from the window's load event. Please make sure it has an appropriate `as` value and it is preloaded intentionally. @ http://localhost:3000/:0
[  851264ms] [WARNING] The resource http://localhost:3000/System/Icons/96x96/shortcut.webp was preloaded using link preload but not used within a few seconds from the window's load event. Please make sure it has an appropriate `as` value and it is preloaded intentionally. @ http://localhost:3000/:0
[  857102ms] [WARNING] The resource http://localhost:3000/System/Icons/96x96/shortcut.webp was preloaded using link preload but not used within a few seconds from the window's load event. Please make sure it has an appropriate `as` value and it is preloaded intentionally. @ http://localhost:3000/:0
[  887398ms] [WARNING] The resource http://localhost:3000/System/Icons/96x96/shortcut.webp was preloaded using link preload but not used within a few seconds from the window's load event. Please make sure it has an appropriate `as` value and it is preloaded intentionally. @ http://localhost:3000/:0
[  892963ms] [WARNING] The resource http://localhost:3000/System/Icons/96x96/shortcut.webp was preloaded using link preload but not used within a few seconds from the window's load event. Please make sure it has an appropriate `as` value and it is preloaded intentionally. @ http://localhost:3000/:0
[  915383ms] [WARNING] The resource http://localhost:3000/System/Icons/96x96/shortcut.webp was preloaded using link preload but not used within a few seconds from the window's load event. Please make sure it has an appropriate `as` value and it is preloaded intentionally. @ http://localhost:3000/:0
[ 1075883ms] [WARNING] The resource http://localhost:3000/System/Icons/96x96/shortcut.webp was preloaded using link preload but not used within a few seconds from the window's load event. Please make sure it has an appropriate `as` value and it is preloaded intentionally. @ http://localhost:3000/:0
[ 1117888ms] [WARNING] The resource http://localhost:3000/System/Icons/96x96/shortcut.webp was preloaded using link preload but not used within a few seconds from the window's load event. Please make sure it has an appropriate `as` value and it is preloaded intentionally. @ http://localhost:3000/:0
[ 1126808ms] [WARNING] The resource http://localhost:3000/System/Icons/96x96/shortcut.webp was preloaded using link preload but not used within a few seconds from the window's load event. Please make sure it has an appropriate `as` value and it is preloaded intentionally. @ http://localhost:3000/:0
[ 1141327ms] [WARNING] The resource http://localhost:3000/System/Icons/96x96/shortcut.webp was preloaded using link preload but not used within a few seconds from the window's load event. Please make sure it has an appropriate `as` value and it is preloaded intentionally. @ http://localhost:3000/:0
[ 1146442ms] [WARNING] The resource http://localhost:3000/System/Icons/96x96/shortcut.webp was preloaded using link preload but not used within a few seconds from the window's load event. Please make sure it has an appropriate `as` value and it is preloaded intentionally. @ http://localhost:3000/:0
[ 1168120ms] [WARNING] The resource http://localhost:3000/System/Icons/96x96/shortcut.webp was preloaded using link preload but not used within a few seconds from the window's load event. Please make sure it has an appropriate `as` value and it is preloaded intentionally. @ http://localhost:3000/:0
[ 1177754ms] [WARNING] The resource http://localhost:3000/System/Icons/96x96/shortcut.webp was preloaded using link preload but not used within a few seconds from the window's load event. Please make sure it has an appropriate `as` value and it is preloaded intentionally. @ http://localhost:3000/:0
[ 1184759ms] [WARNING] The resource http://localhost:3000/System/Icons/96x96/shortcut.webp was preloaded using link preload but not used within a few seconds from the window's load event. Please make sure it has an appropriate `as` value and it is preloaded intentionally. @ http://localhost:3000/:0
[ 1218850ms] [WARNING] The resource http://localhost:3000/System/Icons/96x96/shortcut.webp was preloaded using link preload but not used within a few seconds from the window's load event. Please make sure it has an appropriate `as` value and it is preloaded intentionally. @ http://localhost:3000/:0
[ 1224006ms] [WARNING] The resource http://localhost:3000/System/Icons/96x96/shortcut.webp was preloaded using link preload but not used within a few seconds from the window's load event. Please make sure it has an appropriate `as` value and it is preloaded intentionally. @ http://localhost:3000/:0
[ 1252986ms] [WARNING] The resource http://localhost:3000/System/Icons/96x96/shortcut.webp was preloaded using link preload but not used within a few seconds from the window's load event. Please make sure it has an appropriate `as` value and it is preloaded intentionally. @ http://localhost:3000/:0
[ 1268756ms] [WARNING] The resource http://localhost:3000/System/Icons/96x96/shortcut.webp was preloaded using link preload but not used within a few seconds from the window's load event. Please make sure it has an appropriate `as` value and it is preloaded intentionally. @ http://localhost:3000/:0
[ 1285036ms] [WARNING] The resource http://localhost:3000/System/Icons/96x96/shortcut.webp was preloaded using link preload but not used within a few seconds from the window's load event. Please make sure it has an appropriate `as` value and it is preloaded intentionally. @ http://localhost:3000/:0
[ 1315185ms] [WARNING] The resource http://localhost:3000/System/Icons/96x96/shortcut.webp was preloaded using link preload but not used within a few seconds from the window's load event. Please make sure it has an appropriate `as` value and it is preloaded intentionally. @ http://localhost:3000/:0
[ 1339163ms] [WARNING] The resource http://localhost:3000/System/Icons/96x96/shortcut.webp was preloaded using link preload but not used within a few seconds from the window's load event. Please make sure it has an appropriate `as` value and it is preloaded intentionally. @ http://localhost:3000/:0
[ 1346404ms] [WARNING] The resource http://localhost:3000/System/Icons/96x96/shortcut.webp was preloaded using link preload but not used within a few seconds from the window's load event. Please make sure it has an appropriate `as` value and it is preloaded intentionally. @ http://localhost:3000/:0
[ 1353964ms] [WARNING] The resource http://localhost:3000/System/Icons/96x96/shortcut.webp was preloaded using link preload but not used within a few seconds from the window's load event. Please make sure it has an appropriate `as` value and it is preloaded intentionally. @ http://localhost:3000/:0
[ 1362242ms] [WARNING] The resource http://localhost:3000/System/Icons/96x96/shortcut.webp was preloaded using link preload but not used within a few seconds from the window's load event. Please make sure it has an appropriate `as` value and it is preloaded intentionally. @ http://localhost:3000/:0
[ 1367944ms] [WARNING] The resource http://localhost:3000/System/Icons/96x96/shortcut.webp was preloaded using link preload but not used within a few seconds from the window's load event. Please make sure it has an appropriate `as` value and it is preloaded intentionally. @ http://localhost:3000/:0
[ 1373729ms] [WARNING] The resource http://localhost:3000/System/Icons/96x96/shortcut.webp was preloaded using link preload but not used within a few seconds from the window's load event. Please make sure it has an appropriate `as` value and it is preloaded intentionally. @ http://localhost:3000/:0
[ 1398687ms] [ERROR] Failed to load resource: the server responded with a status of 404 (Not Found) @ http://localhost:3000/api/mongodb/document/rema1000/products/desktop.ini:0
[ 1398711ms] [ERROR] Failed to load resource: the server responded with a status of 404 (Not Found) @ http://localhost:3000/api/mongodb/document/rema1000/products/desktop.ini:0
[ 1398806ms] [ERROR] Failed to load resource: the server responded with a status of 404 (Not Found) @ http://localhost:3000/api/mongodb/document/rema1000/products/desktop.ini:0
[ 1398808ms] [ERROR] Failed to load resource: the server responded with a status of 404 (Not Found) @ http://localhost:3000/api/mongodb/document/rema1000/products/desktop.ini:0
[ 1398847ms] [ERROR] Failed to load resource: the server responded with a status of 404 (Not Found) @ http://localhost:3000/api/mongodb/document/rema1000/products/BARS%20CHOKO.:0
[ 1398858ms] [ERROR] Failed to load resource: the server responded with a status of 404 (Not Found) @ http://localhost:3000/api/mongodb/document/rema1000/products/P%C3%86RE:0
[ 1398868ms] [ERROR] Failed to load resource: the server responded with a status of 404 (Not Found) @ http://localhost:3000/api/mongodb/document/rema1000/products/COLESLAW%20M:0
[ 1398870ms] [ERROR] Failed to load resource: the server responded with a status of 404 (Not Found) @ http://localhost:3000/api/mongodb/document/rema1000/products/KYLLINGEBRYST%20M:0
[ 1398871ms] [ERROR] Failed to load resource: the server responded with a status of 404 (Not Found) @ http://localhost:3000/api/mongodb/document/rema1000/products/NUDLER%20M:0
[ 1398872ms] [ERROR] Failed to load resource: the server responded with a status of 404 (Not Found) @ http://localhost:3000/api/mongodb/document/rema1000/products/KATTEMAD%20M:0
[ 1398876ms] [ERROR] Failed to load resource: the server responded with a status of 404 (Not Found) @ http://localhost:3000/api/mongodb/document/rema1000/products/GUL:0
[ 1398885ms] [ERROR] Failed to load resource: the server responded with a status of 404 (Not Found) @ http://localhost:3000/api/mongodb/document/rema1000/products/FOCACCIA%20M:0
[ 1398887ms] [ERROR] Failed to load resource: the server responded with a status of 404 (Not Found) @ http://localhost:3000/api/mongodb/document/rema1000/products/SALT%20M:0
[ 1398888ms] [ERROR] Failed to load resource: the server responded with a status of 404 (Not Found) @ http://localhost:3000/api/mongodb/document/rema1000/products/RISOTTO%20M:0
[ 1398890ms] [ERROR] Failed to load resource: the server responded with a status of 404 (Not Found) @ http://localhost:3000/api/mongodb/document/rema1000/products/INGEF%C3%86R:0
[ 1398890ms] [ERROR] Failed to load resource: the server responded with a status of 404 (Not Found) @ http://localhost:3000/api/mongodb/document/rema1000/products/KAKAOKIKS%20M:0
[ 1398892ms] [ERROR] Failed to load resource: the server responded with a status of 404 (Not Found) @ http://localhost:3000/api/mongodb/document/rema1000/products/SKYR%20MANGO:0
[ 1398902ms] [ERROR] Failed to load resource: the server responded with a status of 404 (Not Found) @ http://localhost:3000/api/mongodb/document/rema1000/products/KATTESTICKS%20M:0
[ 1398902ms] [ERROR] Failed to load resource: the server responded with a status of 404 (Not Found) @ http://localhost:3000/api/mongodb/document/rema1000/products/FERSKEN:0
[ 1398906ms] [ERROR] Failed to load resource: the server responded with a status of 404 (Not Found) @ http://localhost:3000/api/mongodb/document/rema1000/products/HAKKEB%C3%98FFER%20M:0
[ 1398907ms] [ERROR] Failed to load resource: the server responded with a status of 404 (Not Found) @ http://localhost:3000/api/mongodb/document/rema1000/products/KYLLING%20M:0
[ 1398907ms] [ERROR] Failed to load resource: the server responded with a status of 404 (Not Found) @ http://localhost:3000/api/mongodb/document/rema1000/products/AGURKESALAT%20U:0
[ 1398908ms] [ERROR] Failed to load resource: the server responded with a status of 404 (Not Found) @ http://localhost:3000/api/mongodb/document/rema1000/products/RABARBER:0
[ 1398910ms] [ERROR] Failed to load resource: the server responded with a status of 404 (Not Found) @ http://localhost:3000/api/mongodb/document/rema1000/products/GRYDERET%20M:0
[ 1398911ms] [ERROR] Failed to load resource: the server responded with a status of 404 (Not Found) @ http://localhost:3000/api/mongodb/document/rema1000/products/PASTARET%20M:0
[ 1398924ms] [ERROR] Failed to load resource: the server responded with a status of 404 (Not Found) @ http://localhost:3000/api/mongodb/document/rema1000/products/KALVESTICKS%20MED%20BACON:0
[ 1398925ms] [ERROR] Failed to load resource: the server responded with a status of 404 (Not Found) @ http://localhost:3000/api/mongodb/document/rema1000/products/SALAMI%20M:0
[ 1398926ms] [ERROR] Failed to load resource: the server responded with a status of 404 (Not Found) @ http://localhost:3000/api/mongodb/document/rema1000/products/CHORIZO%20M:0
[ 1398927ms] [ERROR] Failed to load resource: the server responded with a status of 404 (Not Found) @ http://localhost:3000/api/mongodb/document/rema1000/products/GRAVAD%20FILET%20M:0
[ 1398929ms] [ERROR] Failed to load resource: the server responded with a status of 404 (Not Found) @ http://localhost:3000/api/mongodb/document/rema1000/products/ISVAFFEL%20M:0
[ 1398931ms] [ERROR] Failed to load resource: the server responded with a status of 404 (Not Found) @ http://localhost:3000/api/mongodb/document/rema1000/products/SKY%20M:0
[ 1398939ms] [ERROR] Failed to load resource: the server responded with a status of 404 (Not Found) @ http://localhost:3000/api/mongodb/document/rema1000/products/PEANUTS%20M:0
[ 1398939ms] [ERROR] Failed to load resource: the server responded with a status of 404 (Not Found) @ http://localhost:3000/api/mongodb/document/rema1000/products/SM%C3%98REOST%208:0
[ 1398940ms] [ERROR] Failed to load resource: the server responded with a status of 404 (Not Found) @ http://localhost:3000/api/mongodb/document/rema1000/products/MAJSSNACKS%20M:0
[ 1398942ms] [ERROR] Failed to load resource: the server responded with a status of 404 (Not Found) @ http://localhost:3000/api/mongodb/document/rema1000/products/MANDLER%20M:0
[ 1398944ms] [ERROR] Failed to load resource: the server responded with a status of 404 (Not Found) @ http://localhost:3000/api/mongodb/document/rema1000/products/LAKS%20I%20CITRON:0
[ 1398945ms] [ERROR] Failed to load resource: the server responded with a status of 404 (Not Found) @ http://localhost:3000/api/mongodb/document/rema1000/products/CHEDDAR:0
[ 1398961ms] [ERROR] Failed to load resource: the server responded with a status of 404 (Not Found) @ http://localhost:3000/api/mongodb/document/rema1000/products/R%C3%98DK%C3%85L%20U:0
[ 1398967ms] [ERROR] Failed to load resource: the server responded with a status of 404 (Not Found) @ http://localhost:3000/api/mongodb/document/rema1000/products/MAYO%20M:0
[ 1398970ms] [ERROR] Failed to load resource: the server responded with a status of 404 (Not Found) @ http://localhost:3000/api/mongodb/document/rema1000/products/ASIER%20U:0
[ 1398972ms] [ERROR] Failed to load resource: the server responded with a status of 404 (Not Found) @ http://localhost:3000/api/mongodb/document/rema1000/products/BORDSALT%20%20M:0
[ 1398979ms] [ERROR] Failed to load resource: the server responded with a status of 404 (Not Found) @ http://localhost:3000/api/mongodb/document/rema1000/products/YMERDRYS%20M:0
[ 1398980ms] [ERROR] Failed to load resource: the server responded with a status of 404 (Not Found) @ http://localhost:3000/api/mongodb/document/rema1000/products/ABRIKOS:0
[ 1398985ms] [ERROR] Failed to load resource: the server responded with a status of 404 (Not Found) @ http://localhost:3000/api/mongodb/document/rema1000/products/GRANOLA%20M:0
[ 1398988ms] [ERROR] Failed to load resource: the server responded with a status of 404 (Not Found) @ http://localhost:3000/api/mongodb/document/rema1000/products/BUCATINI:0
[ 1398993ms] [ERROR] Failed to load resource: the server responded with a status of 404 (Not Found) @ http://localhost:3000/api/mongodb/document/rema1000/products/RIS:0
[ 1399000ms] [ERROR] Failed to load resource: the server responded with a status of 404 (Not Found) @ http://localhost:3000/api/mongodb/document/rema1000/products/LASAGNETTE%20M:0
[ 1399009ms] [ERROR] Failed to load resource: the server responded with a status of 404 (Not Found) @ http://localhost:3000/api/mongodb/document/rema1000/products/SOJADRIK:0
[ 1399015ms] [ERROR] Failed to load resource: the server responded with a status of 404 (Not Found) @ http://localhost:3000/api/mongodb/document/rema1000/products/TYGGEBEN%20M:0
[ 1399018ms] [ERROR] Failed to load resource: the server responded with a status of 404 (Not Found) @ http://localhost:3000/api/mongodb/document/rema1000/products/HUNDEMAD%20M:0
[ 1399022ms] [ERROR] Failed to load resource: the server responded with a status of 404 (Not Found) @ http://localhost:3000/api/mongodb/document/rema1000/products/HUNDEGODBID%20M:0
[ 1399023ms] [ERROR] Failed to load resource: the server responded with a status of 404 (Not Found) @ http://localhost:3000/api/mongodb/document/rema1000/products/HUNDESTICKS%20M:0
[ 1399025ms] [ERROR] Failed to load resource: the server responded with a status of 404 (Not Found) @ http://localhost:3000/api/mongodb/document/rema1000/products/HUNDEKIKS%20M:0
[ 1399025ms] [ERROR] Failed to load resource: the server responded with a status of 404 (Not Found) @ http://localhost:3000/api/mongodb/document/rema1000/products/FR%C3%98ST%C3%86NGER%20T:0
[ 1399032ms] [ERROR] Failed to load resource: the server responded with a status of 404 (Not Found) @ http://localhost:3000/api/mongodb/document/rema1000/products/KATTEFODER%20M:0
[ 1399037ms] [ERROR] Failed to load resource: the server responded with a status of 404 (Not Found) @ http://localhost:3000/api/mongodb/document/rema1000/products/KATTE%20SNACKS%20M:0
[ 1399041ms] [ERROR] Failed to load resource: the server responded with a status of 404 (Not Found) @ http://localhost:3000/api/mongodb/document/rema1000/products/SHAPE%20STR%C3%98MPEBUKS%20S:0
[ 1399041ms] [ERROR] Failed to load resource: the server responded with a status of 404 (Not Found) @ http://localhost:3000/api/mongodb/document/rema1000/products/SHAPE%20STR%C3%98MPEBUKS%20M:0
[ 1399042ms] [ERROR] Failed to load resource: the server responded with a status of 404 (Not Found) @ http://localhost:3000/api/mongodb/document/rema1000/products/FRESH%20%26%20FINE%20M:0
[ 1399043ms] [ERROR] Failed to load resource: the server responded with a status of 404 (Not Found) @ http://localhost:3000/api/mongodb/document/rema1000/products/HIPSTER%20STR.%20L:0
[ 1399045ms] [ERROR] Failed to load resource: the server responded with a status of 404 (Not Found) @ http://localhost:3000/api/mongodb/document/rema1000/products/HIPSTER%20STR.%20S:0
[ 1399053ms] [ERROR] Failed to load resource: the server responded with a status of 404 (Not Found) @ http://localhost:3000/api/mongodb/document/rema1000/products/REPREVE%20STR%C3%98MPEBUKS%20M:0
[ 1399055ms] [ERROR] Failed to load resource: the server responded with a status of 404 (Not Found) @ http://localhost:3000/api/mongodb/document/rema1000/products/SEAMLESS%20TAI%20L:0
[ 1399056ms] [ERROR] Failed to load resource: the server responded with a status of 404 (Not Found) @ http://localhost:3000/api/mongodb/document/rema1000/products/SEAMLESS%20TAI%20S:0
[ 1399059ms] [ERROR] Failed to load resource: the server responded with a status of 404 (Not Found) @ http://localhost:3000/api/mongodb/document/rema1000/products/T-SHIRT%20STR.%20L:0
[ 1399059ms] [ERROR] Failed to load resource: the server responded with a status of 404 (Not Found) @ http://localhost:3000/api/mongodb/document/rema1000/products/STR%C3%98MPEBUKS%20STR.%20S:0
[ 1399062ms] [ERROR] Failed to load resource: the server responded with a status of 404 (Not Found) @ http://localhost:3000/api/mongodb/document/rema1000/products/T-SHIRT%20STR.%20S:0
[ 1399070ms] [ERROR] Failed to load resource: the server responded with a status of 404 (Not Found) @ http://localhost:3000/api/mongodb/document/rema1000/products/LAMPEOLIE:0
[ 1399070ms] [ERROR] Failed to load resource: the server responded with a status of 404 (Not Found) @ http://localhost:3000/api/mongodb/document/rema1000/products/TAI%20TRUSSE%20STR.%20L:0
[ 1399071ms] [ERROR] Failed to load resource: the server responded with a status of 404 (Not Found) @ http://localhost:3000/api/mongodb/document/rema1000/products/TAI%20TRUSSE%20STR.%20S:0
[ 1399074ms] [ERROR] Failed to load resource: the server responded with a status of 404 (Not Found) @ http://localhost:3000/api/mongodb/document/rema1000/products/PASTA%20M:0
[ 1399075ms] [ERROR] Failed to load resource: the server responded with a status of 404 (Not Found) @ http://localhost:3000/api/mongodb/document/rema1000/products/STRAWBERRY:0
[ 1399081ms] [ERROR] Failed to load resource: the server responded with a status of 404 (Not Found) @ http://localhost:3000/api/mongodb/document/rema1000/products/SALAT%20M:0
[ 1399088ms] [ERROR] Failed to load resource: the server responded with a status of 404 (Not Found) @ http://localhost:3000/api/mongodb/document/rema1000/products/COLESLAW%20M:0
[ 1399089ms] [ERROR] Failed to load resource: the server responded with a status of 404 (Not Found) @ http://localhost:3000/api/mongodb/document/rema1000/products/BARS%20CHOKO.:0
[ 1399089ms] [ERROR] Failed to load resource: the server responded with a status of 404 (Not Found) @ http://localhost:3000/api/mongodb/document/rema1000/products/P%C3%86RE:0
[ 1399092ms] [ERROR] Failed to load resource: the server responded with a status of 404 (Not Found) @ http://localhost:3000/api/mongodb/document/rema1000/products/NUDLER%20M:0
[ 1399092ms] [ERROR] Failed to load resource: the server responded with a status of 404 (Not Found) @ http://localhost:3000/api/mongodb/document/rema1000/products/KYLLINGEBRYST%20M:0
[ 1399094ms] [ERROR] Failed to load resource: the server responded with a status of 404 (Not Found) @ http://localhost:3000/api/mongodb/document/rema1000/products/KATTEMAD%20M:0
[ 1399103ms] [ERROR] Failed to load resource: the server responded with a status of 404 (Not Found) @ http://localhost:3000/api/mongodb/document/rema1000/products/FOCACCIA%20M:0
[ 1399103ms] [ERROR] Failed to load resource: the server responded with a status of 404 (Not Found) @ http://localhost:3000/api/mongodb/document/rema1000/products/GUL:0
[ 1399104ms] [ERROR] Failed to load resource: the server responded with a status of 404 (Not Found) @ http://localhost:3000/api/mongodb/document/rema1000/products/SALT%20M:0
[ 1399106ms] [ERROR] Failed to load resource: the server responded with a status of 404 (Not Found) @ http://localhost:3000/api/mongodb/document/rema1000/products/INGEF%C3%86R:0
[ 1399107ms] [ERROR] Failed to load resource: the server responded with a status of 404 (Not Found) @ http://localhost:3000/api/mongodb/document/rema1000/products/RISOTTO%20M:0
[ 1399109ms] [ERROR] Failed to load resource: the server responded with a status of 404 (Not Found) @ http://localhost:3000/api/mongodb/document/rema1000/products/KAKAOKIKS%20M:0
[ 1399117ms] [ERROR] Failed to load resource: the server responded with a status of 404 (Not Found) @ http://localhost:3000/api/mongodb/document/rema1000/products/KATTESTICKS%20M:0
[ 1399118ms] [ERROR] Failed to load resource: the server responded with a status of 404 (Not Found) @ http://localhost:3000/api/mongodb/document/rema1000/products/SKYR%20MANGO:0
[ 1399119ms] [ERROR] Failed to load resource: the server responded with a status of 404 (Not Found) @ http://localhost:3000/api/mongodb/document/rema1000/products/KYLLING%20M:0
[ 1399119ms] [ERROR] Failed to load resource: the server responded with a status of 404 (Not Found) @ http://localhost:3000/api/mongodb/document/rema1000/products/FERSKEN:0
[ 1399121ms] [ERROR] Failed to load resource: the server responded with a status of 404 (Not Found) @ http://localhost:3000/api/mongodb/document/rema1000/products/HAKKEB%C3%98FFER%20M:0
[ 1399121ms] [ERROR] Failed to load resource: the server responded with a status of 404 (Not Found) @ http://localhost:3000/api/mongodb/document/rema1000/products/AGURKESALAT%20U:0
[ 1399129ms] [ERROR] Failed to load resource: the server responded with a status of 404 (Not Found) @ http://localhost:3000/api/mongodb/document/rema1000/products/GRYDERET%20M:0
[ 1399129ms] [ERROR] Failed to load resource: the server responded with a status of 404 (Not Found) @ http://localhost:3000/api/mongodb/document/rema1000/products/RABARBER:0
[ 1399132ms] [ERROR] Failed to load resource: the server responded with a status of 404 (Not Found) @ http://localhost:3000/api/mongodb/document/rema1000/products/KALVESTICKS%20MED%20BACON:0
[ 1399135ms] [ERROR] Failed to load resource: the server responded with a status of 404 (Not Found) @ http://localhost:3000/api/mongodb/document/rema1000/products/SALAMI%20M:0
[ 1399135ms] [ERROR] Failed to load resource: the server responded with a status of 404 (Not Found) @ http://localhost:3000/api/mongodb/document/rema1000/products/CHORIZO%20M:0
[ 1399136ms] [ERROR] Failed to load resource: the server responded with a status of 404 (Not Found) @ http://localhost:3000/api/mongodb/document/rema1000/products/PASTARET%20M:0
[ 1399142ms] [ERROR] Failed to load resource: the server responded with a status of 404 (Not Found) @ http://localhost:3000/api/mongodb/document/rema1000/products/ISVAFFEL%20M:0
[ 1399143ms] [ERROR] Failed to load resource: the server responded with a status of 404 (Not Found) @ http://localhost:3000/api/mongodb/document/rema1000/products/GRAVAD%20FILET%20M:0
[ 1399146ms] [ERROR] Failed to load resource: the server responded with a status of 404 (Not Found) @ http://localhost:3000/api/mongodb/document/rema1000/products/SKY%20M:0
[ 1399149ms] [ERROR] Failed to load resource: the server responded with a status of 404 (Not Found) @ http://localhost:3000/api/mongodb/document/rema1000/products/SM%C3%98REOST%208:0
[ 1399150ms] [ERROR] Failed to load resource: the server responded with a status of 404 (Not Found) @ http://localhost:3000/api/mongodb/document/rema1000/products/MAJSSNACKS%20M:0
[ 1399150ms] [ERROR] Failed to load resource: the server responded with a status of 404 (Not Found) @ http://localhost:3000/api/mongodb/document/rema1000/products/PEANUTS%20M:0
[ 1399153ms] [ERROR] Failed to load resource: the server responded with a status of 404 (Not Found) @ http://localhost:3000/api/mongodb/document/rema1000/products/MANDLER%20M:0
[ 1399154ms] [ERROR] Failed to load resource: the server responded with a status of 404 (Not Found) @ http://localhost:3000/api/mongodb/document/rema1000/products/LAKS%20I%20CITRON:0
[ 1399160ms] [ERROR] Failed to load resource: the server responded with a status of 404 (Not Found) @ http://localhost:3000/api/mongodb/document/rema1000/products/MAYO%20M:0
[ 1399161ms] [ERROR] Failed to load resource: the server responded with a status of 404 (Not Found) @ http://localhost:3000/api/mongodb/document/rema1000/products/R%C3%98DK%C3%85L%20U:0
[ 1399161ms] [ERROR] Failed to load resource: the server responded with a status of 404 (Not Found) @ http://localhost:3000/api/mongodb/document/rema1000/products/ASIER%20U:0
[ 1399161ms] [ERROR] Failed to load resource: the server responded with a status of 404 (Not Found) @ http://localhost:3000/api/mongodb/document/rema1000/products/CHEDDAR:0
[ 1399164ms] [ERROR] Failed to load resource: the server responded with a status of 404 (Not Found) @ http://localhost:3000/api/mongodb/document/rema1000/products/YMERDRYS%20M:0
[ 1399165ms] [ERROR] Failed to load resource: the server responded with a status of 404 (Not Found) @ http://localhost:3000/api/mongodb/document/rema1000/products/BORDSALT%20%20M:0
[ 1399174ms] [ERROR] Failed to load resource: the server responded with a status of 404 (Not Found) @ http://localhost:3000/api/mongodb/document/rema1000/products/ABRIKOS:0
[ 1399175ms] [ERROR] Failed to load resource: the server responded with a status of 404 (Not Found) @ http://localhost:3000/api/mongodb/document/rema1000/products/GRANOLA%20M:0
[ 1399175ms] [ERROR] Failed to load resource: the server responded with a status of 404 (Not Found) @ http://localhost:3000/api/mongodb/document/rema1000/products/BUCATINI:0
[ 1399175ms] [ERROR] Failed to load resource: the server responded with a status of 404 (Not Found) @ http://localhost:3000/api/mongodb/document/rema1000/products/LASAGNETTE%20M:0
[ 1399176ms] [ERROR] Failed to load resource: the server responded with a status of 404 (Not Found) @ http://localhost:3000/api/mongodb/document/rema1000/products/RIS:0
[ 1399176ms] [ERROR] Failed to load resource: the server responded with a status of 404 (Not Found) @ http://localhost:3000/api/mongodb/document/rema1000/products/SOJADRIK:0
[ 1399188ms] [ERROR] Failed to load resource: the server responded with a status of 404 (Not Found) @ http://localhost:3000/api/mongodb/document/rema1000/products/TYGGEBEN%20M:0
[ 1399188ms] [ERROR] Failed to load resource: the server responded with a status of 404 (Not Found) @ http://localhost:3000/api/mongodb/document/rema1000/products/HUNDEKIKS%20M:0
[ 1399189ms] [ERROR] Failed to load resource: the server responded with a status of 404 (Not Found) @ http://localhost:3000/api/mongodb/document/rema1000/products/HUNDEGODBID%20M:0
[ 1399189ms] [ERROR] Failed to load resource: the server responded with a status of 404 (Not Found) @ http://localhost:3000/api/mongodb/document/rema1000/products/HUNDESTICKS%20M:0
[ 1399190ms] [ERROR] Failed to load resource: the server responded with a status of 404 (Not Found) @ http://localhost:3000/api/mongodb/document/rema1000/products/FR%C3%98ST%C3%86NGER%20T:0
[ 1399190ms] [ERROR] Failed to load resource: the server responded with a status of 404 (Not Found) @ http://localhost:3000/api/mongodb/document/rema1000/products/HUNDEMAD%20M:0
[ 1399201ms] [ERROR] Failed to load resource: the server responded with a status of 404 (Not Found) @ http://localhost:3000/api/mongodb/document/rema1000/products/FRESH%20%26%20FINE%20M:0
[ 1399201ms] [ERROR] Failed to load resource: the server responded with a status of 404 (Not Found) @ http://localhost:3000/api/mongodb/document/rema1000/products/SHAPE%20STR%C3%98MPEBUKS%20M:0
[ 1399202ms] [ERROR] Failed to load resource: the server responded with a status of 404 (Not Found) @ http://localhost:3000/api/mongodb/document/rema1000/products/KATTEFODER%20M:0
[ 1399203ms] [ERROR] Failed to load resource: the server responded with a status of 404 (Not Found) @ http://localhost:3000/api/mongodb/document/rema1000/products/SHAPE%20STR%C3%98MPEBUKS%20S:0
[ 1399204ms] [ERROR] Failed to load resource: the server responded with a status of 404 (Not Found) @ http://localhost:3000/api/mongodb/document/rema1000/products/KATTE%20SNACKS%20M:0
[ 1399205ms] [ERROR] Failed to load resource: the server responded with a status of 404 (Not Found) @ http://localhost:3000/api/mongodb/document/rema1000/products/HIPSTER%20STR.%20L:0
[ 1399229ms] [ERROR] Failed to load resource: the server responded with a status of 404 (Not Found) @ http://localhost:3000/api/mongodb/document/rema1000/products/REPREVE%20STR%C3%98MPEBUKS%20M:0
[ 1399231ms] [ERROR] Failed to load resource: the server responded with a status of 404 (Not Found) @ http://localhost:3000/api/mongodb/document/rema1000/products/SEAMLESS%20TAI%20S:0
[ 1399233ms] [ERROR] Failed to load resource: the server responded with a status of 404 (Not Found) @ http://localhost:3000/api/mongodb/document/rema1000/products/HIPSTER%20STR.%20S:0
[ 1399235ms] [ERROR] Failed to load resource: the server responded with a status of 404 (Not Found) @ http://localhost:3000/api/mongodb/document/rema1000/products/STR%C3%98MPEBUKS%20STR.%20S:0
[ 1399238ms] [ERROR] Failed to load resource: the server responded with a status of 404 (Not Found) @ http://localhost:3000/api/mongodb/document/rema1000/products/T-SHIRT%20STR.%20L:0
[ 1399243ms] [ERROR] Failed to load resource: the server responded with a status of 404 (Not Found) @ http://localhost:3000/api/mongodb/document/rema1000/products/SEAMLESS%20TAI%20L:0
[ 1399254ms] [ERROR] Failed to load resource: the server responded with a status of 404 (Not Found) @ http://localhost:3000/api/mongodb/document/rema1000/products/T-SHIRT%20STR.%20S:0
[ 1399259ms] [ERROR] Failed to load resource: the server responded with a status of 404 (Not Found) @ http://localhost:3000/api/mongodb/document/rema1000/products/TAI%20TRUSSE%20STR.%20L:0
[ 1399265ms] [ERROR] Failed to load resource: the server responded with a status of 404 (Not Found) @ http://localhost:3000/api/mongodb/document/rema1000/products/LAMPEOLIE:0
[ 1399271ms] [ERROR] Failed to load resource: the server responded with a status of 404 (Not Found) @ http://localhost:3000/api/mongodb/document/rema1000/products/STRAWBERRY:0
[ 1399295ms] [ERROR] Failed to load resource: the server responded with a status of 404 (Not Found) @ http://localhost:3000/api/mongodb/document/rema1000/products/TAI%20TRUSSE%20STR.%20S:0
[ 1399303ms] [ERROR] Failed to load resource: the server responded with a status of 404 (Not Found) @ http://localhost:3000/api/mongodb/document/rema1000/products/BARS%20CHOKO.:0
[ 1399304ms] [ERROR] Failed to load resource: the server responded with a status of 404 (Not Found) @ http://localhost:3000/api/mongodb/document/rema1000/products/P%C3%86RE:0
[ 1399305ms] [ERROR] Failed to load resource: the server responded with a status of 404 (Not Found) @ http://localhost:3000/api/mongodb/document/rema1000/products/PASTA%20M:0
[ 1399311ms] [ERROR] Failed to load resource: the server responded with a status of 404 (Not Found) @ http://localhost:3000/api/mongodb/document/rema1000/products/SALAT%20M:0
[ 1399323ms] [ERROR] Failed to load resource: the server responded with a status of 404 (Not Found) @ http://localhost:3000/api/mongodb/document/rema1000/products/NUDLER%20M:0
[ 1399324ms] [ERROR] Failed to load resource: the server responded with a status of 404 (Not Found) @ http://localhost:3000/api/mongodb/document/rema1000/products/KYLLINGEBRYST%20M:0
[ 1399343ms] [ERROR] Failed to load resource: the server responded with a status of 404 (Not Found) @ http://localhost:3000/api/mongodb/document/rema1000/products/KATTEMAD%20M:0
[ 1399344ms] [ERROR] Failed to load resource: the server responded with a status of 404 (Not Found) @ http://localhost:3000/api/mongodb/document/rema1000/products/HUNDEKIKS%20M:0
[ 1399345ms] [ERROR] Failed to load resource: the server responded with a status of 404 (Not Found) @ http://localhost:3000/api/mongodb/document/rema1000/products/SALT%20M:0
[ 1399345ms] [ERROR] Failed to load resource: the server responded with a status of 404 (Not Found) @ http://localhost:3000/api/mongodb/document/rema1000/products/PEANUTS%20M:0
[ 1399346ms] [ERROR] Failed to load resource: the server responded with a status of 404 (Not Found) @ http://localhost:3000/api/mongodb/document/rema1000/products/FOCACCIA%20M:0
[ 1399348ms] [ERROR] Failed to load resource: the server responded with a status of 404 (Not Found) @ http://localhost:3000/api/mongodb/document/rema1000/products/KATTESTICKS%20M:0
[ 1399357ms] [ERROR] Failed to load resource: the server responded with a status of 404 (Not Found) @ http://localhost:3000/api/mongodb/document/rema1000/products/HUNDEMAD%20M:0
[ 1399358ms] [ERROR] Failed to load resource: the server responded with a status of 404 (Not Found) @ http://localhost:3000/api/mongodb/document/rema1000/products/HUNDEGODBID%20M:0
[ 1399358ms] [ERROR] Failed to load resource: the server responded with a status of 404 (Not Found) @ http://localhost:3000/api/mongodb/document/rema1000/products/KATTEFODER%20M:0
[ 1399359ms] [ERROR] Failed to load resource: the server responded with a status of 404 (Not Found) @ http://localhost:3000/api/mongodb/document/rema1000/products/HUNDESTICKS%20M:0
[ 1399360ms] [ERROR] Failed to load resource: the server responded with a status of 404 (Not Found) @ http://localhost:3000/api/mongodb/document/rema1000/products/T-SHIRT%20STR.%20S:0
[ 1399361ms] [ERROR] Failed to load resource: the server responded with a status of 404 (Not Found) @ http://localhost:3000/api/mongodb/document/rema1000/products/BARS%20CHOKO.:0
[ 1399371ms] [ERROR] Failed to load resource: the server responded with a status of 404 (Not Found) @ http://localhost:3000/api/mongodb/document/rema1000/products/HUNDEKIKS%20M:0
[ 1399372ms] [ERROR] Failed to load resource: the server responded with a status of 404 (Not Found) @ http://localhost:3000/api/mongodb/document/rema1000/products/SALAT%20M:0
[ 1399372ms] [ERROR] Failed to load resource: the server responded with a status of 404 (Not Found) @ http://localhost:3000/api/mongodb/document/rema1000/products/P%C3%86RE:0
[ 1399373ms] [ERROR] Failed to load resource: the server responded with a status of 404 (Not Found) @ http://localhost:3000/api/mongodb/document/rema1000/products/KYLLINGEBRYST%20M:0
[ 1399374ms] [ERROR] Failed to load resource: the server responded with a status of 404 (Not Found) @ http://localhost:3000/api/mongodb/document/rema1000/products/NUDLER%20M:0
[ 1399375ms] [ERROR] Failed to load resource: the server responded with a status of 404 (Not Found) @ http://localhost:3000/api/mongodb/document/rema1000/products/KATTEMAD%20M:0
[ 1399384ms] [ERROR] Failed to load resource: the server responded with a status of 404 (Not Found) @ http://localhost:3000/api/mongodb/document/rema1000/products/FOCACCIA%20M:0
[ 1399385ms] [ERROR] Failed to load resource: the server responded with a status of 404 (Not Found) @ http://localhost:3000/api/mongodb/document/rema1000/products/SALT%20M:0
[ 1399386ms] [ERROR] Failed to load resource: the server responded with a status of 404 (Not Found) @ http://localhost:3000/api/mongodb/document/rema1000/products/KATTESTICKS%20M:0
[ 1399387ms] [ERROR] Failed to load resource: the server responded with a status of 404 (Not Found) @ http://localhost:3000/api/mongodb/document/rema1000/products/PEANUTS%20M:0
[ 1399389ms] [ERROR] Failed to load resource: the server responded with a status of 404 (Not Found) @ http://localhost:3000/api/mongodb/document/rema1000/products/HUNDEMAD%20M:0
[ 1399394ms] [ERROR] Failed to load resource: the server responded with a status of 404 (Not Found) @ http://localhost:3000/api/mongodb/document/rema1000/products/HUNDEGODBID%20M:0
[ 1399402ms] [ERROR] Failed to load resource: the server responded with a status of 404 (Not Found) @ http://localhost:3000/api/mongodb/document/rema1000/products/T-SHIRT%20STR.%20S:0
[ 1399403ms] [ERROR] Failed to load resource: the server responded with a status of 404 (Not Found) @ http://localhost:3000/api/mongodb/document/rema1000/products/HUNDESTICKS%20M:0
[ 1399403ms] [ERROR] Failed to load resource: the server responded with a status of 404 (Not Found) @ http://localhost:3000/api/mongodb/document/rema1000/products/KATTEFODER%20M:0
[ 1399404ms] [ERROR] Failed to load resource: the server responded with a status of 404 (Not Found) @ http://localhost:3000/api/mongodb/document/rema1000/products/P%C3%86RE:0
[ 1399405ms] [ERROR] Failed to load resource: the server responded with a status of 404 (Not Found) @ http://localhost:3000/api/mongodb/document/rema1000/products/SALAT%20M:0
[ 1399407ms] [ERROR] Failed to load resource: the server responded with a status of 404 (Not Found) @ http://localhost:3000/api/mongodb/document/rema1000/products/HUNDEMAD%20M:0
[ 1399412ms] [ERROR] Failed to load resource: the server responded with a status of 404 (Not Found) @ http://localhost:3000/api/mongodb/document/rema1000/products/KATTEFODER%20M:0
[ 1399414ms] [ERROR] Failed to load resource: the server responded with a status of 404 (Not Found) @ http://localhost:3000/api/mongodb/document/rema1000/products/HUNDEMAD%20M:0
[ 1399415ms] [ERROR] Failed to load resource: the server responded with a status of 404 (Not Found) @ http://localhost:3000/api/mongodb/document/rema1000/products/P%C3%86RE:0
[ 1399421ms] [ERROR] Failed to load resource: the server responded with a status of 404 (Not Found) @ http://localhost:3000/api/mongodb/document/rema1000/products/HUNDEMAD%20M:0
[ 1399421ms] [ERROR] Failed to load resource: the server responded with a status of 404 (Not Found) @ http://localhost:3000/api/mongodb/document/rema1000/products/KATTEFODER%20M:0
[ 1399426ms] [ERROR] Failed to load resource: the server responded with a status of 404 (Not Found) @ http://localhost:3000/api/mongodb/document/rema1000/products/HUNDEMAD%20M:0
[ 1406220ms] [WARNING] The resource http://localhost:3000/System/Icons/96x96/shortcut.webp was preloaded using link preload but not used within a few seconds from the window's load event. Please make sure it has an appropriate `as` value and it is preloaded intentionally. @ http://localhost:3000/:0
[ 1433129ms] [WARNING] The resource http://localhost:3000/System/Icons/96x96/shortcut.webp was preloaded using link preload but not used within a few seconds from the window's load event. Please make sure it has an appropriate `as` value and it is preloaded intentionally. @ http://localhost:3000/:0
[ 1509362ms] [WARNING] The resource http://localhost:3000/System/Icons/96x96/shortcut.webp was preloaded using link preload but not used within a few seconds from the window's load event. Please make sure it has an appropriate `as` value and it is preloaded intentionally. @ http://localhost:3000/:0
[ 1645763ms] [WARNING] The resource http://localhost:3000/System/Icons/96x96/shortcut.webp was preloaded using link preload but not used within a few seconds from the window's load event. Please make sure it has an appropriate `as` value and it is preloaded intentionally. @ http://localhost:3000/:0
[ 1651532ms] [WARNING] The resource http://localhost:3000/System/Icons/96x96/shortcut.webp was preloaded using link preload but not used within a few seconds from the window's load event. Please make sure it has an appropriate `as` value and it is preloaded intentionally. @ http://localhost:3000/:0
